running develop
running egg_info
creating cobot1.egg-info
writing cobot1.egg-info/PKG-INFO
writing dependency_links to cobot1.egg-info/dependency_links.txt
writing entry points to cobot1.egg-info/entry_points.txt
writing requirements to cobot1.egg-info/requires.txt
writing top-level names to cobot1.egg-info/top_level.txt
writing manifest file 'cobot1.egg-info/SOURCES.txt'
reading manifest file 'cobot1.egg-info/SOURCES.txt'
writing manifest file 'cobot1.egg-info/SOURCES.txt'
running build_ext
Creating /home/youngjin/rokey_proj_01/install/cobot1/lib/python3.10/site-packages/cobot1.egg-link (link to .)
Installing bridge_node script to /home/youngjin/rokey_proj_01/install/cobot1/lib/cobot1
Installing camera_node script to /home/youngjin/rokey_proj_01/install/cobot1/lib/cobot1
Installing image_processor_node script to /home/youngjin/rokey_proj_01/install/cobot1/lib/cobot1
Installing robot_controller_node script to /home/youngjin/rokey_proj_01/install/cobot1/lib/cobot1
Installing sequencer_node script to /home/youngjin/rokey_proj_01/install/cobot1/lib/cobot1
Installing verify_node script to /home/youngjin/rokey_proj_01/install/cobot1/lib/cobot1
Installing webcam_node script to /home/youngjin/rokey_proj_01/install/cobot1/lib/cobot1

Installed /home/youngjin/rokey_proj_01/build/cobot1
running symlink_data
creating /home/youngjin/rokey_proj_01/install/cobot1/share/ament_index
creating /home/youngjin/rokey_proj_01/install/cobot1/share/ament_index/resource_index
creating /home/youngjin/rokey_proj_01/install/cobot1/share/ament_index/resource_index/packages
symbolically linking /home/youngjin/rokey_proj_01/build/cobot1/resource/cobot1 -> /home/youngjin/rokey_proj_01/install/cobot1/share/ament_index/resource_index/packages
symbolically linking /home/youngjin/rokey_proj_01/build/cobot1/package.xml -> /home/youngjin/rokey_proj_01/install/cobot1/share/cobot1
creating /home/youngjin/rokey_proj_01/install/cobot1/share/cobot1/launch
symbolically linking /home/youngjin/rokey_proj_01/build/cobot1/launch/assembly.launch.py -> /home/youngjin/rokey_proj_01/install/cobot1/share/cobot1/launch
creating /home/youngjin/rokey_proj_01/install/cobot1/share/cobot1/config
symbolically linking /home/youngjin/rokey_proj_01/build/cobot1/config/usb_camera.yaml -> /home/youngjin/rokey_proj_01/install/cobot1/share/cobot1/config
symbolically linking /home/youngjin/rokey_proj_01/build/cobot1/config/front_camera_info.yaml -> /home/youngjin/rokey_proj_01/install/cobot1/share/cobot1/config
symbolically linking /home/youngjin/rokey_proj_01/build/cobot1/config/vision.yaml -> /home/youngjin/rokey_proj_01/install/cobot1/share/cobot1/config
