[0.698s] Invoking command in '/home/youngjin/rokey_proj_01/build/cobot1': AMENT_PREFIX_PATH=/home/youngjin/rokey_proj_01/install/cobot1_interfaces:${AMENT_PREFIX_PATH} CMAKE_PREFIX_PATH=/home/youngjin/rokey_proj_01/install/cobot1_interfaces:${CMAKE_PREFIX_PATH} LD_LIBRARY_PATH=/home/youngjin/rokey_proj_01/install/cobot1_interfaces/lib:${LD_LIBRARY_PATH} PYTHONPATH=/home/youngjin/rokey_proj_01/build/cobot1/prefix_override:/usr/lib/python3/dist-packages/colcon_core/task/python/colcon_distutils_commands:/home/youngjin/rokey_proj_01/install/cobot1/lib/python3.10/site-packages:/home/youngjin/rokey_proj_01/install/cobot1_interfaces/local/lib/python3.10/dist-packages:${PYTHONPATH} /usr/bin/python3 -W ignore:setup.py install is deprecated -W ignore:easy_install command is deprecated setup.py develop --editable --build-directory /home/youngjin/rokey_proj_01/build/cobot1/build --no-deps symlink_data
[0.965s] running develop
[1.148s] running egg_info
[1.148s] creating cobot1.egg-info
[1.149s] writing cobot1.egg-info/PKG-INFO
[1.149s] writing dependency_links to cobot1.egg-info/dependency_links.txt
[1.149s] writing entry points to cobot1.egg-info/entry_points.txt
[1.149s] writing requirements to cobot1.egg-info/requires.txt
[1.149s] writing top-level names to cobot1.egg-info/top_level.txt
[1.149s] writing manifest file 'cobot1.egg-info/SOURCES.txt'
[1.151s] reading manifest file 'cobot1.egg-info/SOURCES.txt'
[1.152s] writing manifest file 'cobot1.egg-info/SOURCES.txt'
[1.153s] running build_ext
[1.154s] Creating /home/youngjin/rokey_proj_01/install/cobot1/lib/python3.10/site-packages/cobot1.egg-link (link to .)
[1.154s] Installing bridge_node script to /home/youngjin/rokey_proj_01/install/cobot1/lib/cobot1
[1.155s] Installing camera_node script to /home/youngjin/rokey_proj_01/install/cobot1/lib/cobot1
[1.155s] Installing image_processor_node script to /home/youngjin/rokey_proj_01/install/cobot1/lib/cobot1
[1.155s] Installing robot_controller_node script to /home/youngjin/rokey_proj_01/install/cobot1/lib/cobot1
[1.155s] Installing sequencer_node script to /home/youngjin/rokey_proj_01/install/cobot1/lib/cobot1
[1.155s] Installing verify_node script to /home/youngjin/rokey_proj_01/install/cobot1/lib/cobot1
[1.155s] Installing webcam_node script to /home/youngjin/rokey_proj_01/install/cobot1/lib/cobot1
[1.155s] 
[1.155s] Installed /home/youngjin/rokey_proj_01/build/cobot1
[1.155s] running symlink_data
[1.155s] creating /home/youngjin/rokey_proj_01/install/cobot1/share/ament_index
[1.156s] creating /home/youngjin/rokey_proj_01/install/cobot1/share/ament_index/resource_index
[1.156s] creating /home/youngjin/rokey_proj_01/install/cobot1/share/ament_index/resource_index/packages
[1.156s] symbolically linking /home/youngjin/rokey_proj_01/build/cobot1/resource/cobot1 -> /home/youngjin/rokey_proj_01/install/cobot1/share/ament_index/resource_index/packages
[1.156s] symbolically linking /home/youngjin/rokey_proj_01/build/cobot1/package.xml -> /home/youngjin/rokey_proj_01/install/cobot1/share/cobot1
[1.156s] creating /home/youngjin/rokey_proj_01/install/cobot1/share/cobot1/launch
[1.156s] symbolically linking /home/youngjin/rokey_proj_01/build/cobot1/launch/assembly.launch.py -> /home/youngjin/rokey_proj_01/install/cobot1/share/cobot1/launch
[1.156s] creating /home/youngjin/rokey_proj_01/install/cobot1/share/cobot1/config
[1.156s] symbolically linking /home/youngjin/rokey_proj_01/build/cobot1/config/usb_camera.yaml -> /home/youngjin/rokey_proj_01/install/cobot1/share/cobot1/config
[1.156s] symbolically linking /home/youngjin/rokey_proj_01/build/cobot1/config/front_camera_info.yaml -> /home/youngjin/rokey_proj_01/install/cobot1/share/cobot1/config
[1.156s] symbolically linking /home/youngjin/rokey_proj_01/build/cobot1/config/vision.yaml -> /home/youngjin/rokey_proj_01/install/cobot1/share/cobot1/config
[1.196s] Invoked command in '/home/youngjin/rokey_proj_01/build/cobot1' returned '0': AMENT_PREFIX_PATH=/home/youngjin/rokey_proj_01/install/cobot1_interfaces:${AMENT_PREFIX_PATH} CMAKE_PREFIX_PATH=/home/youngjin/rokey_proj_01/install/cobot1_interfaces:${CMAKE_PREFIX_PATH} LD_LIBRARY_PATH=/home/youngjin/rokey_proj_01/install/cobot1_interfaces/lib:${LD_LIBRARY_PATH} PYTHONPATH=/home/youngjin/rokey_proj_01/build/cobot1/prefix_override:/usr/lib/python3/dist-packages/colcon_core/task/python/colcon_distutils_commands:/home/youngjin/rokey_proj_01/install/cobot1/lib/python3.10/site-packages:/home/youngjin/rokey_proj_01/install/cobot1_interfaces/local/lib/python3.10/dist-packages:${PYTHONPATH} /usr/bin/python3 -W ignore:setup.py install is deprecated -W ignore:easy_install command is deprecated setup.py develop --editable --build-directory /home/youngjin/rokey_proj_01/build/cobot1/build --no-deps symlink_data
