[0.016s] Invoking command in '/home/youngjin/rokey_proj_01/build/cobot1_interfaces': CMAKE_PREFIX_PATH=/home/youngjin/ros2_ws/ws_cobot_pjt/ws_edu/install/m0609_rg2_moveit:/home/youngjin/ros2_ws/ws_cobot_pjt/ws_edu/install/m0609_rg2_bringup:/home/youngjin/ros2_ws/ws_cobot_pjt/ws_edu/install/onrobot_rg_msgs:/home/youngjin/ros2_ws/ws_cobot_pjt/ws_edu/install/onrobot_rg_description:/home/youngjin/ros2_ws/ws_cobot_pjt/ws_edu/install/dsr_realtime_control:/home/youngjin/ros2_ws/ws_cobot_pjt/ws_edu/install/dsr_mujoco:/home/youngjin/ros2_ws/ws_cobot_pjt/ws_edu/install/dsr_controller2:/home/youngjin/ros2_ws/ws_cobot_pjt/ws_edu/install/dsr_msgs2:/home/youngjin/ros2_ws/ws_cobot_pjt/ws_edu/install/dsr_moveit_config_p3020:/home/youngjin/ros2_ws/ws_cobot_pjt/ws_edu/install/dsr_moveit_config_m1509:/home/youngjin/ros2_ws/ws_cobot_pjt/ws_edu/install/dsr_moveit_config_m1013:/home/youngjin/ros2_ws/ws_cobot_pjt/ws_edu/install/dsr_moveit_config_m0617:/home/youngjin/ros2_ws/ws_cobot_pjt/ws_edu/install/dsr_moveit_config_m0609:/home/youngjin/ros2_ws/ws_cobot_pjt/ws_edu/install/dsr_moveit_config_h2515:/home/youngjin/ros2_ws/ws_cobot_pjt/ws_edu/install/dsr_moveit_config_h2017:/home/youngjin/ros2_ws/ws_cobot_pjt/ws_edu/install/dsr_moveit_config_e0509:/home/youngjin/ros2_ws/ws_cobot_pjt/ws_edu/install/dsr_moveit_config_a0912:/home/youngjin/ros2_ws/ws_cobot_pjt/ws_edu/install/dsr_moveit_config_a0509:/home/youngjin/ros2_ws/ws_cobot_pjt/ws_edu/install/dsr_hardware2:/home/youngjin/ros2_ws/ws_cobot_pjt/ws_edu/install/dsr_gazebo2:/home/youngjin/ros2_ws/ws_cobot_pjt/ws_edu/install/dsr_description2:/home/youngjin/ros2_ws/ws_cobot_pjt/ws_edu/install/dsr_common2:/home/youngjin/ros2_ws/ws_cobot_pjt/ws_edu/install/cobot1_interfaces:/home/youngjin/ros2_ws/install/robot_manager:/home/youngjin/ros2_ws/ws_cobot_pjt/ws_edu/install/onrobot_rg_modbus_tcp:/home/youngjin/ros2_ws/ws_cobot_pjt/ws_edu/install/onrobot_rg_control:/home/youngjin/ros2_ws/ws_cobot_pjt/ws_edu/install/dsr_visualservoing:/home/youngjin/ros2_ws/ws_cobot_pjt/ws_edu/install/dsr_tests:/home/youngjin/ros2_ws/ws_cobot_pjt/ws_edu/install/dsr_bringup2:/home/youngjin/ros2_ws/ws_cobot_pjt/ws_edu/install/cobot1:/home/youngjin/ros2_ws/ws_cobot_pjt/ws_edu/install/dsr_example:/home/youngjin/study_ws/install/day06_pkg:/home/youngjin/study_ws/install/day05_pkg:/home/youngjin/study_ws/install/day03_pkg:/home/youngjin/study_ws/install/day02_pkg:/home/youngjin/study_ws/install/day01_pkg:/home/youngjin/ros2_ws/install/rokey:/home/youngjin/ros2_ws/install/robot_controller:/home/youngjin/ros2_ws/install/pick_and_place_voice:/home/youngjin/ros2_ws/install/pick_and_place_text:/home/youngjin/ros2_ws/install/dsr_visualservoing:/home/youngjin/ros2_ws/install/dsr_tests:/home/youngjin/ros2_ws/install/dsr_bringup2:/home/youngjin/ros2_ws/install/dsr_example:/home/youngjin/turtlebot3_ws/install/rokey_work_pack:/opt/ros/humble:/home/youngjin/ros2_ws/install/od_msg:/home/youngjin/ros2_ws/install/ign_ros2_control_demos:/home/youngjin/ros2_ws/install/ign_ros2_control:/home/youngjin/ros2_ws/install/gz_ros2_control_tests:/home/youngjin/ros2_ws/install/gz_ros2_control_demos:/home/youngjin/ros2_ws/install/gz_ros2_control:/home/youngjin/ros2_ws/install/dsr_realtime_control:/home/youngjin/ros2_ws/install/dsr_controller2:/home/youngjin/ros2_ws/install/dsr_msgs2:/home/youngjin/ros2_ws/install/dsr_moveit_config_p3020:/home/youngjin/ros2_ws/install/dsr_moveit_config_m1509:/home/youngjin/ros2_ws/install/dsr_moveit_config_m1013:/home/youngjin/ros2_ws/install/dsr_moveit_config_m0617:/home/youngjin/ros2_ws/install/dsr_moveit_config_m0609:/home/youngjin/ros2_ws/install/dsr_moveit_config_h2515:/home/youngjin/ros2_ws/install/dsr_moveit_config_h2017:/home/youngjin/ros2_ws/install/dsr_moveit_config_e0509:/home/youngjin/ros2_ws/install/dsr_moveit_config_a0912:/home/youngjin/ros2_ws/install/dsr_moveit_config_a0509:/home/youngjin/ros2_ws/install/dsr_hardware2:/home/youngjin/ros2_ws/install/dsr_gazebo2:/home/youngjin/ros2_ws/install/dsr_description2:/home/youngjin/ros2_ws/install/dsr_common2:/home/youngjin/ros2_ws/install/assembly_interfaces /usr/bin/cmake /home/youngjin/rokey_proj_01/src/cobot1_interfaces -DAMENT_CMAKE_SYMLINK_INSTALL=1 -DCMAKE_INSTALL_PREFIX=/home/youngjin/rokey_proj_01/install/cobot1_interfaces
[0.131s] -- The C compiler identification is GNU 11.4.0
[0.207s] -- The CXX compiler identification is GNU 11.4.0
[0.217s] -- Detecting C compiler ABI info
[0.292s] -- Detecting C compiler ABI info - done
[0.297s] -- Check for working C compiler: /usr/bin/cc - skipped
[0.298s] -- Detecting C compile features
[0.298s] -- Detecting C compile features - done
[0.301s] -- Detecting CXX compiler ABI info
[0.384s] -- Detecting CXX compiler ABI info - done
[0.390s] -- Check for working CXX compiler: /usr/bin/c++ - skipped
[0.390s] -- Detecting CXX compile features
[0.391s] -- Detecting CXX compile features - done
[0.401s] -- Found ament_cmake: 1.3.14 (/opt/ros/humble/share/ament_cmake/cmake)
[0.594s] -- Found Python3: /usr/bin/python3 (found version "3.10.12") found components: Interpreter 
[0.666s] -- Override CMake install command with custom implementation using symlinks instead of copying resources
[0.798s] -- Found rosidl_default_generators: 1.2.1 (/opt/ros/humble/share/rosidl_default_generators/cmake)
[0.815s] -- Using all available rosidl_typesupport_c: rosidl_typesupport_fastrtps_c;rosidl_typesupport_introspection_c
[0.839s] -- Found rosidl_adapter: 3.1.8 (/opt/ros/humble/share/rosidl_adapter/cmake)
[0.985s] -- Using all available rosidl_typesupport_cpp: rosidl_typesupport_fastrtps_cpp;rosidl_typesupport_introspection_cpp
[1.064s] -- Found action_msgs: 1.2.2 (/opt/ros/humble/share/action_msgs/cmake)
[1.123s] -- Found std_msgs: 4.9.1 (/opt/ros/humble/share/std_msgs/cmake)
[1.140s] -- Found sensor_msgs: 4.9.1 (/opt/ros/humble/share/sensor_msgs/cmake)
[1.537s] -- Found ament_cmake_ros: 0.10.0 (/opt/ros/humble/share/ament_cmake_ros/cmake)
[1.853s] -- Using all available rosidl_typesupport_c: rosidl_typesupport_fastrtps_c;rosidl_typesupport_introspection_c
[2.236s] -- Using all available rosidl_typesupport_cpp: rosidl_typesupport_fastrtps_cpp;rosidl_typesupport_introspection_cpp
[2.266s] -- Found PythonInterp: /usr/bin/python3 (found suitable version "3.10.12", minimum required is "3.6") 
[2.273s] -- Found python_cmake_module: 0.10.0 (/opt/ros/humble/share/python_cmake_module/cmake)
[2.310s] -- Found PythonLibs: /usr/lib/x86_64-linux-gnu/libpython3.10.so (found suitable version "3.10.12", minimum required is "3.5") 
[2.311s] -- Using PYTHON_EXECUTABLE: /usr/bin/python3
[2.311s] -- Using PYTHON_INCLUDE_DIRS: /usr/include/python3.10
[2.311s] -- Using PYTHON_LIBRARIES: /usr/lib/x86_64-linux-gnu/libpython3.10.so
[2.337s] -- Found PythonExtra: .so  
[2.572s] -- Configuring done
[2.617s] -- Generating done
[2.629s] -- Build files have been written to: /home/youngjin/rokey_proj_01/build/cobot1_interfaces
[2.638s] Invoked command in '/home/youngjin/rokey_proj_01/build/cobot1_interfaces' returned '0': CMAKE_PREFIX_PATH=/home/youngjin/ros2_ws/ws_cobot_pjt/ws_edu/install/m0609_rg2_moveit:/home/youngjin/ros2_ws/ws_cobot_pjt/ws_edu/install/m0609_rg2_bringup:/home/youngjin/ros2_ws/ws_cobot_pjt/ws_edu/install/onrobot_rg_msgs:/home/youngjin/ros2_ws/ws_cobot_pjt/ws_edu/install/onrobot_rg_description:/home/youngjin/ros2_ws/ws_cobot_pjt/ws_edu/install/dsr_realtime_control:/home/youngjin/ros2_ws/ws_cobot_pjt/ws_edu/install/dsr_mujoco:/home/youngjin/ros2_ws/ws_cobot_pjt/ws_edu/install/dsr_controller2:/home/youngjin/ros2_ws/ws_cobot_pjt/ws_edu/install/dsr_msgs2:/home/youngjin/ros2_ws/ws_cobot_pjt/ws_edu/install/dsr_moveit_config_p3020:/home/youngjin/ros2_ws/ws_cobot_pjt/ws_edu/install/dsr_moveit_config_m1509:/home/youngjin/ros2_ws/ws_cobot_pjt/ws_edu/install/dsr_moveit_config_m1013:/home/youngjin/ros2_ws/ws_cobot_pjt/ws_edu/install/dsr_moveit_config_m0617:/home/youngjin/ros2_ws/ws_cobot_pjt/ws_edu/install/dsr_moveit_config_m0609:/home/youngjin/ros2_ws/ws_cobot_pjt/ws_edu/install/dsr_moveit_config_h2515:/home/youngjin/ros2_ws/ws_cobot_pjt/ws_edu/install/dsr_moveit_config_h2017:/home/youngjin/ros2_ws/ws_cobot_pjt/ws_edu/install/dsr_moveit_config_e0509:/home/youngjin/ros2_ws/ws_cobot_pjt/ws_edu/install/dsr_moveit_config_a0912:/home/youngjin/ros2_ws/ws_cobot_pjt/ws_edu/install/dsr_moveit_config_a0509:/home/youngjin/ros2_ws/ws_cobot_pjt/ws_edu/install/dsr_hardware2:/home/youngjin/ros2_ws/ws_cobot_pjt/ws_edu/install/dsr_gazebo2:/home/youngjin/ros2_ws/ws_cobot_pjt/ws_edu/install/dsr_description2:/home/youngjin/ros2_ws/ws_cobot_pjt/ws_edu/install/dsr_common2:/home/youngjin/ros2_ws/ws_cobot_pjt/ws_edu/install/cobot1_interfaces:/home/youngjin/ros2_ws/install/robot_manager:/home/youngjin/ros2_ws/ws_cobot_pjt/ws_edu/install/onrobot_rg_modbus_tcp:/home/youngjin/ros2_ws/ws_cobot_pjt/ws_edu/install/onrobot_rg_control:/home/youngjin/ros2_ws/ws_cobot_pjt/ws_edu/install/dsr_visualservoing:/home/youngjin/ros2_ws/ws_cobot_pjt/ws_edu/install/dsr_tests:/home/youngjin/ros2_ws/ws_cobot_pjt/ws_edu/install/dsr_bringup2:/home/youngjin/ros2_ws/ws_cobot_pjt/ws_edu/install/cobot1:/home/youngjin/ros2_ws/ws_cobot_pjt/ws_edu/install/dsr_example:/home/youngjin/study_ws/install/day06_pkg:/home/youngjin/study_ws/install/day05_pkg:/home/youngjin/study_ws/install/day03_pkg:/home/youngjin/study_ws/install/day02_pkg:/home/youngjin/study_ws/install/day01_pkg:/home/youngjin/ros2_ws/install/rokey:/home/youngjin/ros2_ws/install/robot_controller:/home/youngjin/ros2_ws/install/pick_and_place_voice:/home/youngjin/ros2_ws/install/pick_and_place_text:/home/youngjin/ros2_ws/install/dsr_visualservoing:/home/youngjin/ros2_ws/install/dsr_tests:/home/youngjin/ros2_ws/install/dsr_bringup2:/home/youngjin/ros2_ws/install/dsr_example:/home/youngjin/turtlebot3_ws/install/rokey_work_pack:/opt/ros/humble:/home/youngjin/ros2_ws/install/od_msg:/home/youngjin/ros2_ws/install/ign_ros2_control_demos:/home/youngjin/ros2_ws/install/ign_ros2_control:/home/youngjin/ros2_ws/install/gz_ros2_control_tests:/home/youngjin/ros2_ws/install/gz_ros2_control_demos:/home/youngjin/ros2_ws/install/gz_ros2_control:/home/youngjin/ros2_ws/install/dsr_realtime_control:/home/youngjin/ros2_ws/install/dsr_controller2:/home/youngjin/ros2_ws/install/dsr_msgs2:/home/youngjin/ros2_ws/install/dsr_moveit_config_p3020:/home/youngjin/ros2_ws/install/dsr_moveit_config_m1509:/home/youngjin/ros2_ws/install/dsr_moveit_config_m1013:/home/youngjin/ros2_ws/install/dsr_moveit_config_m0617:/home/youngjin/ros2_ws/install/dsr_moveit_config_m0609:/home/youngjin/ros2_ws/install/dsr_moveit_config_h2515:/home/youngjin/ros2_ws/install/dsr_moveit_config_h2017:/home/youngjin/ros2_ws/install/dsr_moveit_config_e0509:/home/youngjin/ros2_ws/install/dsr_moveit_config_a0912:/home/youngjin/ros2_ws/install/dsr_moveit_config_a0509:/home/youngjin/ros2_ws/install/dsr_hardware2:/home/youngjin/ros2_ws/install/dsr_gazebo2:/home/youngjin/ros2_ws/install/dsr_description2:/home/youngjin/ros2_ws/install/dsr_common2:/home/youngjin/ros2_ws/install/assembly_interfaces /usr/bin/cmake /home/youngjin/rokey_proj_01/src/cobot1_interfaces -DAMENT_CMAKE_SYMLINK_INSTALL=1 -DCMAKE_INSTALL_PREFIX=/home/youngjin/rokey_proj_01/install/cobot1_interfaces
[2.639s] Invoking command in '/home/youngjin/rokey_proj_01/build/cobot1_interfaces': CMAKE_PREFIX_PATH=/home/youngjin/ros2_ws/ws_cobot_pjt/ws_edu/install/m0609_rg2_moveit:/home/youngjin/ros2_ws/ws_cobot_pjt/ws_edu/install/m0609_rg2_bringup:/home/youngjin/ros2_ws/ws_cobot_pjt/ws_edu/install/onrobot_rg_msgs:/home/youngjin/ros2_ws/ws_cobot_pjt/ws_edu/install/onrobot_rg_description:/home/youngjin/ros2_ws/ws_cobot_pjt/ws_edu/install/dsr_realtime_control:/home/youngjin/ros2_ws/ws_cobot_pjt/ws_edu/install/dsr_mujoco:/home/youngjin/ros2_ws/ws_cobot_pjt/ws_edu/install/dsr_controller2:/home/youngjin/ros2_ws/ws_cobot_pjt/ws_edu/install/dsr_msgs2:/home/youngjin/ros2_ws/ws_cobot_pjt/ws_edu/install/dsr_moveit_config_p3020:/home/youngjin/ros2_ws/ws_cobot_pjt/ws_edu/install/dsr_moveit_config_m1509:/home/youngjin/ros2_ws/ws_cobot_pjt/ws_edu/install/dsr_moveit_config_m1013:/home/youngjin/ros2_ws/ws_cobot_pjt/ws_edu/install/dsr_moveit_config_m0617:/home/youngjin/ros2_ws/ws_cobot_pjt/ws_edu/install/dsr_moveit_config_m0609:/home/youngjin/ros2_ws/ws_cobot_pjt/ws_edu/install/dsr_moveit_config_h2515:/home/youngjin/ros2_ws/ws_cobot_pjt/ws_edu/install/dsr_moveit_config_h2017:/home/youngjin/ros2_ws/ws_cobot_pjt/ws_edu/install/dsr_moveit_config_e0509:/home/youngjin/ros2_ws/ws_cobot_pjt/ws_edu/install/dsr_moveit_config_a0912:/home/youngjin/ros2_ws/ws_cobot_pjt/ws_edu/install/dsr_moveit_config_a0509:/home/youngjin/ros2_ws/ws_cobot_pjt/ws_edu/install/dsr_hardware2:/home/youngjin/ros2_ws/ws_cobot_pjt/ws_edu/install/dsr_gazebo2:/home/youngjin/ros2_ws/ws_cobot_pjt/ws_edu/install/dsr_description2:/home/youngjin/ros2_ws/ws_cobot_pjt/ws_edu/install/dsr_common2:/home/youngjin/ros2_ws/ws_cobot_pjt/ws_edu/install/cobot1_interfaces:/home/youngjin/ros2_ws/install/robot_manager:/home/youngjin/ros2_ws/ws_cobot_pjt/ws_edu/install/onrobot_rg_modbus_tcp:/home/youngjin/ros2_ws/ws_cobot_pjt/ws_edu/install/onrobot_rg_control:/home/youngjin/ros2_ws/ws_cobot_pjt/ws_edu/install/dsr_visualservoing:/home/youngjin/ros2_ws/ws_cobot_pjt/ws_edu/install/dsr_tests:/home/youngjin/ros2_ws/ws_cobot_pjt/ws_edu/install/dsr_bringup2:/home/youngjin/ros2_ws/ws_cobot_pjt/ws_edu/install/cobot1:/home/youngjin/ros2_ws/ws_cobot_pjt/ws_edu/install/dsr_example:/home/youngjin/study_ws/install/day06_pkg:/home/youngjin/study_ws/install/day05_pkg:/home/youngjin/study_ws/install/day03_pkg:/home/youngjin/study_ws/install/day02_pkg:/home/youngjin/study_ws/install/day01_pkg:/home/youngjin/ros2_ws/install/rokey:/home/youngjin/ros2_ws/install/robot_controller:/home/youngjin/ros2_ws/install/pick_and_place_voice:/home/youngjin/ros2_ws/install/pick_and_place_text:/home/youngjin/ros2_ws/install/dsr_visualservoing:/home/youngjin/ros2_ws/install/dsr_tests:/home/youngjin/ros2_ws/install/dsr_bringup2:/home/youngjin/ros2_ws/install/dsr_example:/home/youngjin/turtlebot3_ws/install/rokey_work_pack:/opt/ros/humble:/home/youngjin/ros2_ws/install/od_msg:/home/youngjin/ros2_ws/install/ign_ros2_control_demos:/home/youngjin/ros2_ws/install/ign_ros2_control:/home/youngjin/ros2_ws/install/gz_ros2_control_tests:/home/youngjin/ros2_ws/install/gz_ros2_control_demos:/home/youngjin/ros2_ws/install/gz_ros2_control:/home/youngjin/ros2_ws/install/dsr_realtime_control:/home/youngjin/ros2_ws/install/dsr_controller2:/home/youngjin/ros2_ws/install/dsr_msgs2:/home/youngjin/ros2_ws/install/dsr_moveit_config_p3020:/home/youngjin/ros2_ws/install/dsr_moveit_config_m1509:/home/youngjin/ros2_ws/install/dsr_moveit_config_m1013:/home/youngjin/ros2_ws/install/dsr_moveit_config_m0617:/home/youngjin/ros2_ws/install/dsr_moveit_config_m0609:/home/youngjin/ros2_ws/install/dsr_moveit_config_h2515:/home/youngjin/ros2_ws/install/dsr_moveit_config_h2017:/home/youngjin/ros2_ws/install/dsr_moveit_config_e0509:/home/youngjin/ros2_ws/install/dsr_moveit_config_a0912:/home/youngjin/ros2_ws/install/dsr_moveit_config_a0509:/home/youngjin/ros2_ws/install/dsr_hardware2:/home/youngjin/ros2_ws/install/dsr_gazebo2:/home/youngjin/ros2_ws/install/dsr_description2:/home/youngjin/ros2_ws/install/dsr_common2:/home/youngjin/ros2_ws/install/assembly_interfaces /usr/bin/cmake --build /home/youngjin/rokey_proj_01/build/cobot1_interfaces -- -j16 -l16
[2.685s] [  1%] [34m[1mGenerating C code for ROS interfaces[0m
[2.698s] [  4%] [34m[1mGenerating Rust code for ROS interfaces[0m
[2.698s] [  4%] [34m[1mGenerating C++ code for ROS interfaces[0m
[2.708s] [  4%] Built target ament_cmake_python_symlink_cobot1_interfaces
[2.993s] running egg_info
[2.993s] creating cobot1_interfaces.egg-info
[2.993s] writing cobot1_interfaces.egg-info/PKG-INFO
[2.994s] writing dependency_links to cobot1_interfaces.egg-info/dependency_links.txt
[2.994s] writing top-level names to cobot1_interfaces.egg-info/top_level.txt
[2.994s] writing manifest file 'cobot1_interfaces.egg-info/SOURCES.txt'
[2.996s] reading manifest file 'cobot1_interfaces.egg-info/SOURCES.txt'
[2.996s] writing manifest file 'cobot1_interfaces.egg-info/SOURCES.txt'
[3.028s] [  4%] Built target cobot1_interfaces__rs
[3.029s] [  4%] Built target ament_cmake_python_build_cobot1_interfaces_egg
[3.306s] [ 11%] [32mBuilding C object CMakeFiles/cobot1_interfaces__rosidl_generator_c.dir/rosidl_generator_c/cobot1_interfaces/msg/detail/block_task__functions.c.o[0m
[3.306s] [ 11%] [32mBuilding C object CMakeFiles/cobot1_interfaces__rosidl_generator_c.dir/rosidl_generator_c/cobot1_interfaces/srv/detail/process_mosaic__functions.c.o[0m
[3.306s] [ 11%] [32mBuilding C object CMakeFiles/cobot1_interfaces__rosidl_generator_c.dir/rosidl_generator_c/cobot1_interfaces/msg/detail/expected_model__functions.c.o[0m
[3.306s] [ 11%] [32mBuilding C object CMakeFiles/cobot1_interfaces__rosidl_generator_c.dir/rosidl_generator_c/cobot1_interfaces/srv/detail/sequence_plan__functions.c.o[0m
[3.306s] [ 11%] [32mBuilding C object CMakeFiles/cobot1_interfaces__rosidl_generator_c.dir/rosidl_generator_c/cobot1_interfaces/msg/detail/webcam_error__functions.c.o[0m
[3.306s] [ 11%] Built target cobot1_interfaces__cpp
[3.306s] [ 12%] [32mBuilding C object CMakeFiles/cobot1_interfaces__rosidl_generator_c.dir/rosidl_generator_c/cobot1_interfaces/action/detail/assembly__functions.c.o[0m
[3.320s] [ 13%] [34m[1mGenerating C++ type support dispatch for ROS interfaces[0m
[3.320s] [ 15%] [34m[1mGenerating C++ introspection for ROS interfaces[0m
[3.321s] [ 16%] [34m[1mGenerating C++ type support for eProsima Fast-RTPS[0m
[3.465s] [ 18%] [32m[1mLinking C shared library libcobot1_interfaces__rosidl_generator_c.so[0m
[3.516s] [ 18%] Built target cobot1_interfaces__rosidl_generator_c
[3.530s] [ 22%] [34m[1mGenerating C introspection for ROS interfaces[0m
[3.530s] [ 22%] [34m[1mGenerating C type support for eProsima Fast-RTPS[0m
[3.530s] [ 22%] [34m[1mGenerating C type support dispatch for ROS interfaces[0m
[3.732s] [ 23%] [32mBuilding CXX object CMakeFiles/cobot1_interfaces__rosidl_typesupport_cpp.dir/rosidl_typesupport_cpp/cobot1_interfaces/action/assembly__type_support.cpp.o[0m
[3.732s] [ 25%] [32mBuilding CXX object CMakeFiles/cobot1_interfaces__rosidl_typesupport_cpp.dir/rosidl_typesupport_cpp/cobot1_interfaces/msg/expected_model__type_support.cpp.o[0m
[3.732s] [ 26%] [32mBuilding CXX object CMakeFiles/cobot1_interfaces__rosidl_typesupport_cpp.dir/rosidl_typesupport_cpp/cobot1_interfaces/msg/webcam_error__type_support.cpp.o[0m
[3.732s] [ 27%] [32mBuilding CXX object CMakeFiles/cobot1_interfaces__rosidl_typesupport_cpp.dir/rosidl_typesupport_cpp/cobot1_interfaces/srv/sequence_plan__type_support.cpp.o[0m
[3.732s] [ 29%] [32mBuilding CXX object CMakeFiles/cobot1_interfaces__rosidl_typesupport_cpp.dir/rosidl_typesupport_cpp/cobot1_interfaces/msg/block_task__type_support.cpp.o[0m
[3.732s] [ 30%] [32mBuilding CXX object CMakeFiles/cobot1_interfaces__rosidl_typesupport_cpp.dir/rosidl_typesupport_cpp/cobot1_interfaces/srv/process_mosaic__type_support.cpp.o[0m
[3.898s] [ 31%] [32mBuilding CXX object CMakeFiles/cobot1_interfaces__rosidl_typesupport_introspection_cpp.dir/rosidl_typesupport_introspection_cpp/cobot1_interfaces/msg/detail/expected_model__type_support.cpp.o[0m
[3.898s] [ 33%] [32mBuilding CXX object CMakeFiles/cobot1_interfaces__rosidl_typesupport_introspection_cpp.dir/rosidl_typesupport_introspection_cpp/cobot1_interfaces/srv/detail/process_mosaic__type_support.cpp.o[0m
[3.900s] [ 34%] [32mBuilding CXX object CMakeFiles/cobot1_interfaces__rosidl_typesupport_introspection_cpp.dir/rosidl_typesupport_introspection_cpp/cobot1_interfaces/msg/detail/webcam_error__type_support.cpp.o[0m
[3.903s] [ 37%] [32mBuilding CXX object CMakeFiles/cobot1_interfaces__rosidl_typesupport_introspection_cpp.dir/rosidl_typesupport_introspection_cpp/cobot1_interfaces/srv/detail/sequence_plan__type_support.cpp.o[0m
[3.903s] [ 37%] [32mBuilding CXX object CMakeFiles/cobot1_interfaces__rosidl_typesupport_introspection_cpp.dir/rosidl_typesupport_introspection_cpp/cobot1_interfaces/action/detail/assembly__type_support.cpp.o[0m
[3.913s] [ 38%] [32mBuilding CXX object CMakeFiles/cobot1_interfaces__rosidl_typesupport_introspection_cpp.dir/rosidl_typesupport_introspection_cpp/cobot1_interfaces/msg/detail/block_task__type_support.cpp.o[0m
[4.140s] [ 40%] [32mBuilding CXX object CMakeFiles/cobot1_interfaces__rosidl_typesupport_c.dir/rosidl_typesupport_c/cobot1_interfaces/msg/webcam_error__type_support.cpp.o[0m
[4.171s] [ 41%] [32mBuilding CXX object CMakeFiles/cobot1_interfaces__rosidl_typesupport_fastrtps_cpp.dir/rosidl_typesupport_fastrtps_cpp/cobot1_interfaces/msg/detail/dds_fastrtps/webcam_error__type_support.cpp.o[0m
[4.172s] [ 43%] [32mBuilding CXX object CMakeFiles/cobot1_interfaces__rosidl_typesupport_c.dir/rosidl_typesupport_c/cobot1_interfaces/msg/expected_model__type_support.cpp.o[0m
[4.183s] [ 44%] [32mBuilding CXX object CMakeFiles/cobot1_interfaces__rosidl_typesupport_c.dir/rosidl_typesupport_c/cobot1_interfaces/msg/block_task__type_support.cpp.o[0m
[4.209s] [ 45%] [32mBuilding CXX object CMakeFiles/cobot1_interfaces__rosidl_typesupport_c.dir/rosidl_typesupport_c/cobot1_interfaces/srv/process_mosaic__type_support.cpp.o[0m
[4.235s] [ 47%] [32mBuilding CXX object CMakeFiles/cobot1_interfaces__rosidl_typesupport_c.dir/rosidl_typesupport_c/cobot1_interfaces/action/assembly__type_support.cpp.o[0m
[4.239s] [ 48%] [32mBuilding CXX object CMakeFiles/cobot1_interfaces__rosidl_typesupport_c.dir/rosidl_typesupport_c/cobot1_interfaces/srv/sequence_plan__type_support.cpp.o[0m
[4.279s] [ 50%] [32mBuilding CXX object CMakeFiles/cobot1_interfaces__rosidl_typesupport_fastrtps_cpp.dir/rosidl_typesupport_fastrtps_cpp/cobot1_interfaces/msg/detail/dds_fastrtps/expected_model__type_support.cpp.o[0m
[4.282s] [ 51%] [32mBuilding CXX object CMakeFiles/cobot1_interfaces__rosidl_typesupport_fastrtps_cpp.dir/rosidl_typesupport_fastrtps_cpp/cobot1_interfaces/srv/detail/dds_fastrtps/process_mosaic__type_support.cpp.o[0m
[4.284s] [ 52%] [32mBuilding CXX object CMakeFiles/cobot1_interfaces__rosidl_typesupport_fastrtps_cpp.dir/rosidl_typesupport_fastrtps_cpp/cobot1_interfaces/msg/detail/dds_fastrtps/block_task__type_support.cpp.o[0m
[4.307s] [ 54%] [32mBuilding CXX object CMakeFiles/cobot1_interfaces__rosidl_typesupport_fastrtps_cpp.dir/rosidl_typesupport_fastrtps_cpp/cobot1_interfaces/srv/detail/dds_fastrtps/sequence_plan__type_support.cpp.o[0m
[4.359s] [ 55%] [32mBuilding CXX object CMakeFiles/cobot1_interfaces__rosidl_typesupport_fastrtps_cpp.dir/rosidl_typesupport_fastrtps_cpp/cobot1_interfaces/action/detail/dds_fastrtps/assembly__type_support.cpp.o[0m
[4.360s] [ 56%] [32m[1mLinking CXX shared library libcobot1_interfaces__rosidl_typesupport_c.so[0m
[4.536s] [ 56%] Built target cobot1_interfaces__rosidl_typesupport_c
[4.658s] [ 58%] [32m[1mLinking CXX shared library libcobot1_interfaces__rosidl_typesupport_cpp.so[0m
[4.660s] [ 59%] [32mBuilding C object CMakeFiles/cobot1_interfaces__rosidl_typesupport_introspection_c.dir/rosidl_typesupport_introspection_c/cobot1_interfaces/msg/detail/webcam_error__type_support.c.o[0m
[4.663s] [ 61%] [32mBuilding C object CMakeFiles/cobot1_interfaces__rosidl_typesupport_introspection_c.dir/rosidl_typesupport_introspection_c/cobot1_interfaces/msg/detail/expected_model__type_support.c.o[0m
[4.666s] [ 63%] [32mBuilding C object CMakeFiles/cobot1_interfaces__rosidl_typesupport_introspection_c.dir/rosidl_typesupport_introspection_c/cobot1_interfaces/srv/detail/process_mosaic__type_support.c.o[0m
[4.666s] [ 63%] [32mBuilding C object CMakeFiles/cobot1_interfaces__rosidl_typesupport_introspection_c.dir/rosidl_typesupport_introspection_c/cobot1_interfaces/msg/detail/block_task__type_support.c.o[0m
[4.686s] [ 65%] [32mBuilding CXX object CMakeFiles/cobot1_interfaces__rosidl_typesupport_fastrtps_c.dir/rosidl_typesupport_fastrtps_c/cobot1_interfaces/msg/detail/webcam_error__type_support_c.cpp.o[0m
[4.697s] [ 66%] [32mBuilding C object CMakeFiles/cobot1_interfaces__rosidl_typesupport_introspection_c.dir/rosidl_typesupport_introspection_c/cobot1_interfaces/srv/detail/sequence_plan__type_support.c.o[0m
[4.733s] [ 68%] [32mBuilding CXX object CMakeFiles/cobot1_interfaces__rosidl_typesupport_fastrtps_c.dir/rosidl_typesupport_fastrtps_c/cobot1_interfaces/msg/detail/expected_model__type_support_c.cpp.o[0m
[4.751s] [ 69%] [32mBuilding CXX object CMakeFiles/cobot1_interfaces__rosidl_typesupport_fastrtps_c.dir/rosidl_typesupport_fastrtps_c/cobot1_interfaces/msg/detail/block_task__type_support_c.cpp.o[0m
[4.774s] [ 70%] [32mBuilding C object CMakeFiles/cobot1_interfaces__rosidl_typesupport_introspection_c.dir/rosidl_typesupport_introspection_c/cobot1_interfaces/action/detail/assembly__type_support.c.o[0m
[4.792s] [ 72%] [32mBuilding CXX object CMakeFiles/cobot1_interfaces__rosidl_typesupport_fastrtps_c.dir/rosidl_typesupport_fastrtps_c/cobot1_interfaces/srv/detail/process_mosaic__type_support_c.cpp.o[0m
[4.795s] [ 73%] [32mBuilding CXX object CMakeFiles/cobot1_interfaces__rosidl_typesupport_fastrtps_c.dir/rosidl_typesupport_fastrtps_c/cobot1_interfaces/srv/detail/sequence_plan__type_support_c.cpp.o[0m
[4.799s] [ 73%] Built target cobot1_interfaces__rosidl_typesupport_cpp
[4.804s] [ 75%] [32mBuilding CXX object CMakeFiles/cobot1_interfaces__rosidl_typesupport_fastrtps_c.dir/rosidl_typesupport_fastrtps_c/cobot1_interfaces/action/detail/assembly__type_support_c.cpp.o[0m
[4.878s] [ 76%] [32m[1mLinking C shared library libcobot1_interfaces__rosidl_typesupport_introspection_c.so[0m
[4.934s] [ 76%] Built target cobot1_interfaces__rosidl_typesupport_introspection_c
[5.114s] [ 77%] [32m[1mLinking CXX shared library libcobot1_interfaces__rosidl_typesupport_introspection_cpp.so[0m
[5.246s] [ 77%] Built target cobot1_interfaces__rosidl_typesupport_introspection_cpp
[5.266s] [ 79%] [32m[1mLinking CXX shared library libcobot1_interfaces__rosidl_typesupport_fastrtps_cpp.so[0m
[5.314s] [ 80%] [32m[1mLinking CXX shared library libcobot1_interfaces__rosidl_typesupport_fastrtps_c.so[0m
[5.361s] [ 80%] Built target cobot1_interfaces__rosidl_typesupport_fastrtps_cpp
[5.406s] [ 80%] Built target cobot1_interfaces__rosidl_typesupport_fastrtps_c
[5.433s] [ 80%] Built target cobot1_interfaces
[5.461s] [ 81%] [34m[1mGenerating Python code for ROS interfaces[0m
[6.394s] [ 81%] Built target cobot1_interfaces__py
[6.420s] [ 87%] [32mBuilding C object CMakeFiles/cobot1_interfaces__rosidl_generator_py.dir/rosidl_generator_py/cobot1_interfaces/msg/_expected_model_s.c.o[0m
[6.420s] [ 87%] [32mBuilding C object CMakeFiles/cobot1_interfaces__rosidl_generator_py.dir/rosidl_generator_py/cobot1_interfaces/msg/_block_task_s.c.o[0m
[6.420s] [ 87%] [32mBuilding C object CMakeFiles/cobot1_interfaces__rosidl_generator_py.dir/rosidl_generator_py/cobot1_interfaces/srv/_process_mosaic_s.c.o[0m
[6.420s] [ 87%] [32mBuilding C object CMakeFiles/cobot1_interfaces__rosidl_generator_py.dir/rosidl_generator_py/cobot1_interfaces/msg/_webcam_error_s.c.o[0m
[6.420s] [ 88%] [32mBuilding C object CMakeFiles/cobot1_interfaces__rosidl_generator_py.dir/rosidl_generator_py/cobot1_interfaces/srv/_sequence_plan_s.c.o[0m
[6.420s] [ 90%] [32mBuilding C object CMakeFiles/cobot1_interfaces__rosidl_generator_py.dir/rosidl_generator_py/cobot1_interfaces/action/_assembly_s.c.o[0m
[6.568s] [ 91%] [32m[1mLinking C shared library rosidl_generator_py/cobot1_interfaces/libcobot1_interfaces__rosidl_generator_py.so[0m
[6.618s] [ 91%] Built target cobot1_interfaces__rosidl_generator_py
[6.644s] [ 95%] [32mBuilding C object CMakeFiles/cobot1_interfaces__rosidl_typesupport_c__pyext.dir/rosidl_generator_py/cobot1_interfaces/_cobot1_interfaces_s.ep.rosidl_typesupport_c.c.o[0m
[6.644s] [ 95%] [32mBuilding C object CMakeFiles/cobot1_interfaces__rosidl_typesupport_fastrtps_c__pyext.dir/rosidl_generator_py/cobot1_interfaces/_cobot1_interfaces_s.ep.rosidl_typesupport_fastrtps_c.c.o[0m
[6.644s] [ 95%] [32mBuilding C object CMakeFiles/cobot1_interfaces__rosidl_typesupport_introspection_c__pyext.dir/rosidl_generator_py/cobot1_interfaces/_cobot1_interfaces_s.ep.rosidl_typesupport_introspection_c.c.o[0m
[6.771s] [100%] [32m[1mLinking C shared library rosidl_generator_py/cobot1_interfaces/cobot1_interfaces_s__rosidl_typesupport_fastrtps_c.cpython-310-x86_64-linux-gnu.so[0m
[6.771s] [100%] [32m[1mLinking C shared library rosidl_generator_py/cobot1_interfaces/cobot1_interfaces_s__rosidl_typesupport_c.cpython-310-x86_64-linux-gnu.so[0m
[6.771s] [100%] [32m[1mLinking C shared library rosidl_generator_py/cobot1_interfaces/cobot1_interfaces_s__rosidl_typesupport_introspection_c.cpython-310-x86_64-linux-gnu.so[0m
[6.821s] [100%] Built target cobot1_interfaces__rosidl_typesupport_introspection_c__pyext
[6.821s] [100%] Built target cobot1_interfaces__rosidl_typesupport_c__pyext
[6.821s] [100%] Built target cobot1_interfaces__rosidl_typesupport_fastrtps_c__pyext
[6.836s] Invoked command in '/home/youngjin/rokey_proj_01/build/cobot1_interfaces' returned '0': CMAKE_PREFIX_PATH=/home/youngjin/ros2_ws/ws_cobot_pjt/ws_edu/install/m0609_rg2_moveit:/home/youngjin/ros2_ws/ws_cobot_pjt/ws_edu/install/m0609_rg2_bringup:/home/youngjin/ros2_ws/ws_cobot_pjt/ws_edu/install/onrobot_rg_msgs:/home/youngjin/ros2_ws/ws_cobot_pjt/ws_edu/install/onrobot_rg_description:/home/youngjin/ros2_ws/ws_cobot_pjt/ws_edu/install/dsr_realtime_control:/home/youngjin/ros2_ws/ws_cobot_pjt/ws_edu/install/dsr_mujoco:/home/youngjin/ros2_ws/ws_cobot_pjt/ws_edu/install/dsr_controller2:/home/youngjin/ros2_ws/ws_cobot_pjt/ws_edu/install/dsr_msgs2:/home/youngjin/ros2_ws/ws_cobot_pjt/ws_edu/install/dsr_moveit_config_p3020:/home/youngjin/ros2_ws/ws_cobot_pjt/ws_edu/install/dsr_moveit_config_m1509:/home/youngjin/ros2_ws/ws_cobot_pjt/ws_edu/install/dsr_moveit_config_m1013:/home/youngjin/ros2_ws/ws_cobot_pjt/ws_edu/install/dsr_moveit_config_m0617:/home/youngjin/ros2_ws/ws_cobot_pjt/ws_edu/install/dsr_moveit_config_m0609:/home/youngjin/ros2_ws/ws_cobot_pjt/ws_edu/install/dsr_moveit_config_h2515:/home/youngjin/ros2_ws/ws_cobot_pjt/ws_edu/install/dsr_moveit_config_h2017:/home/youngjin/ros2_ws/ws_cobot_pjt/ws_edu/install/dsr_moveit_config_e0509:/home/youngjin/ros2_ws/ws_cobot_pjt/ws_edu/install/dsr_moveit_config_a0912:/home/youngjin/ros2_ws/ws_cobot_pjt/ws_edu/install/dsr_moveit_config_a0509:/home/youngjin/ros2_ws/ws_cobot_pjt/ws_edu/install/dsr_hardware2:/home/youngjin/ros2_ws/ws_cobot_pjt/ws_edu/install/dsr_gazebo2:/home/youngjin/ros2_ws/ws_cobot_pjt/ws_edu/install/dsr_description2:/home/youngjin/ros2_ws/ws_cobot_pjt/ws_edu/install/dsr_common2:/home/youngjin/ros2_ws/ws_cobot_pjt/ws_edu/install/cobot1_interfaces:/home/youngjin/ros2_ws/install/robot_manager:/home/youngjin/ros2_ws/ws_cobot_pjt/ws_edu/install/onrobot_rg_modbus_tcp:/home/youngjin/ros2_ws/ws_cobot_pjt/ws_edu/install/onrobot_rg_control:/home/youngjin/ros2_ws/ws_cobot_pjt/ws_edu/install/dsr_visualservoing:/home/youngjin/ros2_ws/ws_cobot_pjt/ws_edu/install/dsr_tests:/home/youngjin/ros2_ws/ws_cobot_pjt/ws_edu/install/dsr_bringup2:/home/youngjin/ros2_ws/ws_cobot_pjt/ws_edu/install/cobot1:/home/youngjin/ros2_ws/ws_cobot_pjt/ws_edu/install/dsr_example:/home/youngjin/study_ws/install/day06_pkg:/home/youngjin/study_ws/install/day05_pkg:/home/youngjin/study_ws/install/day03_pkg:/home/youngjin/study_ws/install/day02_pkg:/home/youngjin/study_ws/install/day01_pkg:/home/youngjin/ros2_ws/install/rokey:/home/youngjin/ros2_ws/install/robot_controller:/home/youngjin/ros2_ws/install/pick_and_place_voice:/home/youngjin/ros2_ws/install/pick_and_place_text:/home/youngjin/ros2_ws/install/dsr_visualservoing:/home/youngjin/ros2_ws/install/dsr_tests:/home/youngjin/ros2_ws/install/dsr_bringup2:/home/youngjin/ros2_ws/install/dsr_example:/home/youngjin/turtlebot3_ws/install/rokey_work_pack:/opt/ros/humble:/home/youngjin/ros2_ws/install/od_msg:/home/youngjin/ros2_ws/install/ign_ros2_control_demos:/home/youngjin/ros2_ws/install/ign_ros2_control:/home/youngjin/ros2_ws/install/gz_ros2_control_tests:/home/youngjin/ros2_ws/install/gz_ros2_control_demos:/home/youngjin/ros2_ws/install/gz_ros2_control:/home/youngjin/ros2_ws/install/dsr_realtime_control:/home/youngjin/ros2_ws/install/dsr_controller2:/home/youngjin/ros2_ws/install/dsr_msgs2:/home/youngjin/ros2_ws/install/dsr_moveit_config_p3020:/home/youngjin/ros2_ws/install/dsr_moveit_config_m1509:/home/youngjin/ros2_ws/install/dsr_moveit_config_m1013:/home/youngjin/ros2_ws/install/dsr_moveit_config_m0617:/home/youngjin/ros2_ws/install/dsr_moveit_config_m0609:/home/youngjin/ros2_ws/install/dsr_moveit_config_h2515:/home/youngjin/ros2_ws/install/dsr_moveit_config_h2017:/home/youngjin/ros2_ws/install/dsr_moveit_config_e0509:/home/youngjin/ros2_ws/install/dsr_moveit_config_a0912:/home/youngjin/ros2_ws/install/dsr_moveit_config_a0509:/home/youngjin/ros2_ws/install/dsr_hardware2:/home/youngjin/ros2_ws/install/dsr_gazebo2:/home/youngjin/ros2_ws/install/dsr_description2:/home/youngjin/ros2_ws/install/dsr_common2:/home/youngjin/ros2_ws/install/assembly_interfaces /usr/bin/cmake --build /home/youngjin/rokey_proj_01/build/cobot1_interfaces -- -j16 -l16
[6.848s] Invoking command in '/home/youngjin/rokey_proj_01/build/cobot1_interfaces': CMAKE_PREFIX_PATH=/home/youngjin/ros2_ws/ws_cobot_pjt/ws_edu/install/m0609_rg2_moveit:/home/youngjin/ros2_ws/ws_cobot_pjt/ws_edu/install/m0609_rg2_bringup:/home/youngjin/ros2_ws/ws_cobot_pjt/ws_edu/install/onrobot_rg_msgs:/home/youngjin/ros2_ws/ws_cobot_pjt/ws_edu/install/onrobot_rg_description:/home/youngjin/ros2_ws/ws_cobot_pjt/ws_edu/install/dsr_realtime_control:/home/youngjin/ros2_ws/ws_cobot_pjt/ws_edu/install/dsr_mujoco:/home/youngjin/ros2_ws/ws_cobot_pjt/ws_edu/install/dsr_controller2:/home/youngjin/ros2_ws/ws_cobot_pjt/ws_edu/install/dsr_msgs2:/home/youngjin/ros2_ws/ws_cobot_pjt/ws_edu/install/dsr_moveit_config_p3020:/home/youngjin/ros2_ws/ws_cobot_pjt/ws_edu/install/dsr_moveit_config_m1509:/home/youngjin/ros2_ws/ws_cobot_pjt/ws_edu/install/dsr_moveit_config_m1013:/home/youngjin/ros2_ws/ws_cobot_pjt/ws_edu/install/dsr_moveit_config_m0617:/home/youngjin/ros2_ws/ws_cobot_pjt/ws_edu/install/dsr_moveit_config_m0609:/home/youngjin/ros2_ws/ws_cobot_pjt/ws_edu/install/dsr_moveit_config_h2515:/home/youngjin/ros2_ws/ws_cobot_pjt/ws_edu/install/dsr_moveit_config_h2017:/home/youngjin/ros2_ws/ws_cobot_pjt/ws_edu/install/dsr_moveit_config_e0509:/home/youngjin/ros2_ws/ws_cobot_pjt/ws_edu/install/dsr_moveit_config_a0912:/home/youngjin/ros2_ws/ws_cobot_pjt/ws_edu/install/dsr_moveit_config_a0509:/home/youngjin/ros2_ws/ws_cobot_pjt/ws_edu/install/dsr_hardware2:/home/youngjin/ros2_ws/ws_cobot_pjt/ws_edu/install/dsr_gazebo2:/home/youngjin/ros2_ws/ws_cobot_pjt/ws_edu/install/dsr_description2:/home/youngjin/ros2_ws/ws_cobot_pjt/ws_edu/install/dsr_common2:/home/youngjin/ros2_ws/ws_cobot_pjt/ws_edu/install/cobot1_interfaces:/home/youngjin/ros2_ws/install/robot_manager:/home/youngjin/ros2_ws/ws_cobot_pjt/ws_edu/install/onrobot_rg_modbus_tcp:/home/youngjin/ros2_ws/ws_cobot_pjt/ws_edu/install/onrobot_rg_control:/home/youngjin/ros2_ws/ws_cobot_pjt/ws_edu/install/dsr_visualservoing:/home/youngjin/ros2_ws/ws_cobot_pjt/ws_edu/install/dsr_tests:/home/youngjin/ros2_ws/ws_cobot_pjt/ws_edu/install/dsr_bringup2:/home/youngjin/ros2_ws/ws_cobot_pjt/ws_edu/install/cobot1:/home/youngjin/ros2_ws/ws_cobot_pjt/ws_edu/install/dsr_example:/home/youngjin/study_ws/install/day06_pkg:/home/youngjin/study_ws/install/day05_pkg:/home/youngjin/study_ws/install/day03_pkg:/home/youngjin/study_ws/install/day02_pkg:/home/youngjin/study_ws/install/day01_pkg:/home/youngjin/ros2_ws/install/rokey:/home/youngjin/ros2_ws/install/robot_controller:/home/youngjin/ros2_ws/install/pick_and_place_voice:/home/youngjin/ros2_ws/install/pick_and_place_text:/home/youngjin/ros2_ws/install/dsr_visualservoing:/home/youngjin/ros2_ws/install/dsr_tests:/home/youngjin/ros2_ws/install/dsr_bringup2:/home/youngjin/ros2_ws/install/dsr_example:/home/youngjin/turtlebot3_ws/install/rokey_work_pack:/opt/ros/humble:/home/youngjin/ros2_ws/install/od_msg:/home/youngjin/ros2_ws/install/ign_ros2_control_demos:/home/youngjin/ros2_ws/install/ign_ros2_control:/home/youngjin/ros2_ws/install/gz_ros2_control_tests:/home/youngjin/ros2_ws/install/gz_ros2_control_demos:/home/youngjin/ros2_ws/install/gz_ros2_control:/home/youngjin/ros2_ws/install/dsr_realtime_control:/home/youngjin/ros2_ws/install/dsr_controller2:/home/youngjin/ros2_ws/install/dsr_msgs2:/home/youngjin/ros2_ws/install/dsr_moveit_config_p3020:/home/youngjin/ros2_ws/install/dsr_moveit_config_m1509:/home/youngjin/ros2_ws/install/dsr_moveit_config_m1013:/home/youngjin/ros2_ws/install/dsr_moveit_config_m0617:/home/youngjin/ros2_ws/install/dsr_moveit_config_m0609:/home/youngjin/ros2_ws/install/dsr_moveit_config_h2515:/home/youngjin/ros2_ws/install/dsr_moveit_config_h2017:/home/youngjin/ros2_ws/install/dsr_moveit_config_e0509:/home/youngjin/ros2_ws/install/dsr_moveit_config_a0912:/home/youngjin/ros2_ws/install/dsr_moveit_config_a0509:/home/youngjin/ros2_ws/install/dsr_hardware2:/home/youngjin/ros2_ws/install/dsr_gazebo2:/home/youngjin/ros2_ws/install/dsr_description2:/home/youngjin/ros2_ws/install/dsr_common2:/home/youngjin/ros2_ws/install/assembly_interfaces /usr/bin/cmake --install /home/youngjin/rokey_proj_01/build/cobot1_interfaces
[6.856s] -- Install configuration: ""
[6.857s] -- Execute custom install script
[6.857s] -- Symlinking: /home/youngjin/rokey_proj_01/install/cobot1_interfaces/share/ament_index/resource_index/rosidl_interfaces/cobot1_interfaces
[6.868s] -- Symlinking: /home/youngjin/rokey_proj_01/install/cobot1_interfaces/include/cobot1_interfaces/cobot1_interfaces/action/assembly.h
[6.877s] -- Symlinking: /home/youngjin/rokey_proj_01/install/cobot1_interfaces/include/cobot1_interfaces/cobot1_interfaces/action/detail/assembly__functions.h
[6.887s] -- Symlinking: /home/youngjin/rokey_proj_01/install/cobot1_interfaces/include/cobot1_interfaces/cobot1_interfaces/action/detail/assembly__struct.h
[6.897s] -- Symlinking: /home/youngjin/rokey_proj_01/install/cobot1_interfaces/include/cobot1_interfaces/cobot1_interfaces/action/detail/assembly__type_support.h
[6.907s] -- Symlinking: /home/youngjin/rokey_proj_01/install/cobot1_interfaces/include/cobot1_interfaces/cobot1_interfaces/msg/block_task.h
[6.917s] -- Symlinking: /home/youngjin/rokey_proj_01/install/cobot1_interfaces/include/cobot1_interfaces/cobot1_interfaces/msg/detail/block_task__functions.h
[6.927s] -- Symlinking: /home/youngjin/rokey_proj_01/install/cobot1_interfaces/include/cobot1_interfaces/cobot1_interfaces/msg/detail/block_task__struct.h
[6.936s] -- Symlinking: /home/youngjin/rokey_proj_01/install/cobot1_interfaces/include/cobot1_interfaces/cobot1_interfaces/msg/detail/block_task__type_support.h
[6.946s] -- Symlinking: /home/youngjin/rokey_proj_01/install/cobot1_interfaces/include/cobot1_interfaces/cobot1_interfaces/msg/detail/expected_model__functions.h
[6.956s] -- Symlinking: /home/youngjin/rokey_proj_01/install/cobot1_interfaces/include/cobot1_interfaces/cobot1_interfaces/msg/detail/expected_model__struct.h
[6.966s] -- Symlinking: /home/youngjin/rokey_proj_01/install/cobot1_interfaces/include/cobot1_interfaces/cobot1_interfaces/msg/detail/expected_model__type_support.h
[6.976s] -- Symlinking: /home/youngjin/rokey_proj_01/install/cobot1_interfaces/include/cobot1_interfaces/cobot1_interfaces/msg/detail/webcam_error__functions.h
[6.987s] -- Symlinking: /home/youngjin/rokey_proj_01/install/cobot1_interfaces/include/cobot1_interfaces/cobot1_interfaces/msg/detail/webcam_error__struct.h
[6.997s] -- Symlinking: /home/youngjin/rokey_proj_01/install/cobot1_interfaces/include/cobot1_interfaces/cobot1_interfaces/msg/detail/webcam_error__type_support.h
[7.007s] -- Symlinking: /home/youngjin/rokey_proj_01/install/cobot1_interfaces/include/cobot1_interfaces/cobot1_interfaces/msg/expected_model.h
[7.016s] -- Symlinking: /home/youngjin/rokey_proj_01/install/cobot1_interfaces/include/cobot1_interfaces/cobot1_interfaces/msg/rosidl_generator_c__visibility_control.h
[7.026s] -- Symlinking: /home/youngjin/rokey_proj_01/install/cobot1_interfaces/include/cobot1_interfaces/cobot1_interfaces/msg/webcam_error.h
[7.036s] -- Symlinking: /home/youngjin/rokey_proj_01/install/cobot1_interfaces/include/cobot1_interfaces/cobot1_interfaces/srv/detail/process_mosaic__functions.h
[7.045s] -- Symlinking: /home/youngjin/rokey_proj_01/install/cobot1_interfaces/include/cobot1_interfaces/cobot1_interfaces/srv/detail/process_mosaic__struct.h
[7.055s] -- Symlinking: /home/youngjin/rokey_proj_01/install/cobot1_interfaces/include/cobot1_interfaces/cobot1_interfaces/srv/detail/process_mosaic__type_support.h
[7.065s] -- Symlinking: /home/youngjin/rokey_proj_01/install/cobot1_interfaces/include/cobot1_interfaces/cobot1_interfaces/srv/detail/sequence_plan__functions.h
[7.075s] -- Symlinking: /home/youngjin/rokey_proj_01/install/cobot1_interfaces/include/cobot1_interfaces/cobot1_interfaces/srv/detail/sequence_plan__struct.h
[7.084s] -- Symlinking: /home/youngjin/rokey_proj_01/install/cobot1_interfaces/include/cobot1_interfaces/cobot1_interfaces/srv/detail/sequence_plan__type_support.h
[7.094s] -- Symlinking: /home/youngjin/rokey_proj_01/install/cobot1_interfaces/include/cobot1_interfaces/cobot1_interfaces/srv/process_mosaic.h
[7.104s] -- Symlinking: /home/youngjin/rokey_proj_01/install/cobot1_interfaces/include/cobot1_interfaces/cobot1_interfaces/srv/sequence_plan.h
[7.114s] -- Symlinking: /home/youngjin/rokey_proj_01/install/cobot1_interfaces/share/cobot1_interfaces/environment/library_path.sh
[7.124s] -- Symlinking: /home/youngjin/rokey_proj_01/install/cobot1_interfaces/share/cobot1_interfaces/environment/library_path.dsv
[7.135s] -- Symlinking: /home/youngjin/rokey_proj_01/install/cobot1_interfaces/include/cobot1_interfaces/cobot1_interfaces/action/detail/assembly__rosidl_typesupport_fastrtps_c.h
[7.144s] -- Symlinking: /home/youngjin/rokey_proj_01/install/cobot1_interfaces/include/cobot1_interfaces/cobot1_interfaces/msg/detail/block_task__rosidl_typesupport_fastrtps_c.h
[7.153s] -- Symlinking: /home/youngjin/rokey_proj_01/install/cobot1_interfaces/include/cobot1_interfaces/cobot1_interfaces/msg/detail/expected_model__rosidl_typesupport_fastrtps_c.h
[7.163s] -- Symlinking: /home/youngjin/rokey_proj_01/install/cobot1_interfaces/include/cobot1_interfaces/cobot1_interfaces/msg/detail/webcam_error__rosidl_typesupport_fastrtps_c.h
[7.172s] -- Symlinking: /home/youngjin/rokey_proj_01/install/cobot1_interfaces/include/cobot1_interfaces/cobot1_interfaces/msg/rosidl_typesupport_fastrtps_c__visibility_control.h
[7.181s] -- Symlinking: /home/youngjin/rokey_proj_01/install/cobot1_interfaces/include/cobot1_interfaces/cobot1_interfaces/srv/detail/process_mosaic__rosidl_typesupport_fastrtps_c.h
[7.191s] -- Symlinking: /home/youngjin/rokey_proj_01/install/cobot1_interfaces/include/cobot1_interfaces/cobot1_interfaces/srv/detail/sequence_plan__rosidl_typesupport_fastrtps_c.h
[7.201s] -- Symlinking: /home/youngjin/rokey_proj_01/install/cobot1_interfaces/include/cobot1_interfaces/cobot1_interfaces/action/detail/assembly__rosidl_typesupport_introspection_c.h
[7.212s] -- Symlinking: /home/youngjin/rokey_proj_01/install/cobot1_interfaces/include/cobot1_interfaces/cobot1_interfaces/msg/detail/block_task__rosidl_typesupport_introspection_c.h
[7.222s] -- Symlinking: /home/youngjin/rokey_proj_01/install/cobot1_interfaces/include/cobot1_interfaces/cobot1_interfaces/msg/detail/expected_model__rosidl_typesupport_introspection_c.h
[7.232s] -- Symlinking: /home/youngjin/rokey_proj_01/install/cobot1_interfaces/include/cobot1_interfaces/cobot1_interfaces/msg/detail/webcam_error__rosidl_typesupport_introspection_c.h
[7.241s] -- Symlinking: /home/youngjin/rokey_proj_01/install/cobot1_interfaces/include/cobot1_interfaces/cobot1_interfaces/msg/rosidl_typesupport_introspection_c__visibility_control.h
[7.251s] -- Symlinking: /home/youngjin/rokey_proj_01/install/cobot1_interfaces/include/cobot1_interfaces/cobot1_interfaces/srv/detail/process_mosaic__rosidl_typesupport_introspection_c.h
[7.261s] -- Symlinking: /home/youngjin/rokey_proj_01/install/cobot1_interfaces/include/cobot1_interfaces/cobot1_interfaces/srv/detail/sequence_plan__rosidl_typesupport_introspection_c.h
[7.270s] -- Symlinking: /home/youngjin/rokey_proj_01/install/cobot1_interfaces/include/cobot1_interfaces/cobot1_interfaces/action/assembly.hpp
[7.279s] -- Symlinking: /home/youngjin/rokey_proj_01/install/cobot1_interfaces/include/cobot1_interfaces/cobot1_interfaces/action/detail/assembly__builder.hpp
[7.289s] -- Symlinking: /home/youngjin/rokey_proj_01/install/cobot1_interfaces/include/cobot1_interfaces/cobot1_interfaces/action/detail/assembly__struct.hpp
[7.298s] -- Symlinking: /home/youngjin/rokey_proj_01/install/cobot1_interfaces/include/cobot1_interfaces/cobot1_interfaces/action/detail/assembly__traits.hpp
[7.307s] -- Symlinking: /home/youngjin/rokey_proj_01/install/cobot1_interfaces/include/cobot1_interfaces/cobot1_interfaces/action/detail/assembly__type_support.hpp
[7.316s] -- Symlinking: /home/youngjin/rokey_proj_01/install/cobot1_interfaces/include/cobot1_interfaces/cobot1_interfaces/msg/block_task.hpp
[7.325s] -- Symlinking: /home/youngjin/rokey_proj_01/install/cobot1_interfaces/include/cobot1_interfaces/cobot1_interfaces/msg/detail/block_task__builder.hpp
[7.335s] -- Symlinking: /home/youngjin/rokey_proj_01/install/cobot1_interfaces/include/cobot1_interfaces/cobot1_interfaces/msg/detail/block_task__struct.hpp
[7.343s] -- Symlinking: /home/youngjin/rokey_proj_01/install/cobot1_interfaces/include/cobot1_interfaces/cobot1_interfaces/msg/detail/block_task__traits.hpp
[7.354s] -- Symlinking: /home/youngjin/rokey_proj_01/install/cobot1_interfaces/include/cobot1_interfaces/cobot1_interfaces/msg/detail/block_task__type_support.hpp
[7.363s] -- Symlinking: /home/youngjin/rokey_proj_01/install/cobot1_interfaces/include/cobot1_interfaces/cobot1_interfaces/msg/detail/expected_model__builder.hpp
[7.374s] -- Symlinking: /home/youngjin/rokey_proj_01/install/cobot1_interfaces/include/cobot1_interfaces/cobot1_interfaces/msg/detail/expected_model__struct.hpp
[7.384s] -- Symlinking: /home/youngjin/rokey_proj_01/install/cobot1_interfaces/include/cobot1_interfaces/cobot1_interfaces/msg/detail/expected_model__traits.hpp
[7.394s] -- Symlinking: /home/youngjin/rokey_proj_01/install/cobot1_interfaces/include/cobot1_interfaces/cobot1_interfaces/msg/detail/expected_model__type_support.hpp
[7.404s] -- Symlinking: /home/youngjin/rokey_proj_01/install/cobot1_interfaces/include/cobot1_interfaces/cobot1_interfaces/msg/detail/webcam_error__builder.hpp
[7.414s] -- Symlinking: /home/youngjin/rokey_proj_01/install/cobot1_interfaces/include/cobot1_interfaces/cobot1_interfaces/msg/detail/webcam_error__struct.hpp
[7.424s] -- Symlinking: /home/youngjin/rokey_proj_01/install/cobot1_interfaces/include/cobot1_interfaces/cobot1_interfaces/msg/detail/webcam_error__traits.hpp
[7.436s] -- Symlinking: /home/youngjin/rokey_proj_01/install/cobot1_interfaces/include/cobot1_interfaces/cobot1_interfaces/msg/detail/webcam_error__type_support.hpp
[7.447s] -- Symlinking: /home/youngjin/rokey_proj_01/install/cobot1_interfaces/include/cobot1_interfaces/cobot1_interfaces/msg/expected_model.hpp
[7.457s] -- Symlinking: /home/youngjin/rokey_proj_01/install/cobot1_interfaces/include/cobot1_interfaces/cobot1_interfaces/msg/rosidl_generator_cpp__visibility_control.hpp
[7.467s] -- Symlinking: /home/youngjin/rokey_proj_01/install/cobot1_interfaces/include/cobot1_interfaces/cobot1_interfaces/msg/webcam_error.hpp
[7.476s] -- Symlinking: /home/youngjin/rokey_proj_01/install/cobot1_interfaces/include/cobot1_interfaces/cobot1_interfaces/srv/detail/process_mosaic__builder.hpp
[7.485s] -- Symlinking: /home/youngjin/rokey_proj_01/install/cobot1_interfaces/include/cobot1_interfaces/cobot1_interfaces/srv/detail/process_mosaic__struct.hpp
[7.494s] -- Symlinking: /home/youngjin/rokey_proj_01/install/cobot1_interfaces/include/cobot1_interfaces/cobot1_interfaces/srv/detail/process_mosaic__traits.hpp
[7.503s] -- Symlinking: /home/youngjin/rokey_proj_01/install/cobot1_interfaces/include/cobot1_interfaces/cobot1_interfaces/srv/detail/process_mosaic__type_support.hpp
[7.512s] -- Symlinking: /home/youngjin/rokey_proj_01/install/cobot1_interfaces/include/cobot1_interfaces/cobot1_interfaces/srv/detail/sequence_plan__builder.hpp
[7.522s] -- Symlinking: /home/youngjin/rokey_proj_01/install/cobot1_interfaces/include/cobot1_interfaces/cobot1_interfaces/srv/detail/sequence_plan__struct.hpp
[7.532s] -- Symlinking: /home/youngjin/rokey_proj_01/install/cobot1_interfaces/include/cobot1_interfaces/cobot1_interfaces/srv/detail/sequence_plan__traits.hpp
[7.540s] -- Symlinking: /home/youngjin/rokey_proj_01/install/cobot1_interfaces/include/cobot1_interfaces/cobot1_interfaces/srv/detail/sequence_plan__type_support.hpp
[7.550s] -- Symlinking: /home/youngjin/rokey_proj_01/install/cobot1_interfaces/include/cobot1_interfaces/cobot1_interfaces/srv/process_mosaic.hpp
[7.559s] -- Symlinking: /home/youngjin/rokey_proj_01/install/cobot1_interfaces/include/cobot1_interfaces/cobot1_interfaces/srv/sequence_plan.hpp
[7.568s] -- Symlinking: /home/youngjin/rokey_proj_01/install/cobot1_interfaces/include/cobot1_interfaces/cobot1_interfaces/action/detail/assembly__rosidl_typesupport_fastrtps_cpp.hpp
[7.578s] -- Symlinking: /home/youngjin/rokey_proj_01/install/cobot1_interfaces/include/cobot1_interfaces/cobot1_interfaces/msg/detail/block_task__rosidl_typesupport_fastrtps_cpp.hpp
[7.587s] -- Symlinking: /home/youngjin/rokey_proj_01/install/cobot1_interfaces/include/cobot1_interfaces/cobot1_interfaces/msg/detail/expected_model__rosidl_typesupport_fastrtps_cpp.hpp
[7.595s] -- Symlinking: /home/youngjin/rokey_proj_01/install/cobot1_interfaces/include/cobot1_interfaces/cobot1_interfaces/msg/detail/webcam_error__rosidl_typesupport_fastrtps_cpp.hpp
[7.605s] -- Symlinking: /home/youngjin/rokey_proj_01/install/cobot1_interfaces/include/cobot1_interfaces/cobot1_interfaces/msg/rosidl_typesupport_fastrtps_cpp__visibility_control.h
[7.613s] -- Symlinking: /home/youngjin/rokey_proj_01/install/cobot1_interfaces/include/cobot1_interfaces/cobot1_interfaces/srv/detail/process_mosaic__rosidl_typesupport_fastrtps_cpp.hpp
[7.622s] -- Symlinking: /home/youngjin/rokey_proj_01/install/cobot1_interfaces/include/cobot1_interfaces/cobot1_interfaces/srv/detail/sequence_plan__rosidl_typesupport_fastrtps_cpp.hpp
[7.632s] -- Symlinking: /home/youngjin/rokey_proj_01/install/cobot1_interfaces/include/cobot1_interfaces/cobot1_interfaces/action/detail/assembly__rosidl_typesupport_introspection_cpp.hpp
[7.640s] -- Symlinking: /home/youngjin/rokey_proj_01/install/cobot1_interfaces/include/cobot1_interfaces/cobot1_interfaces/msg/detail/block_task__rosidl_typesupport_introspection_cpp.hpp
[7.649s] -- Symlinking: /home/youngjin/rokey_proj_01/install/cobot1_interfaces/include/cobot1_interfaces/cobot1_interfaces/msg/detail/expected_model__rosidl_typesupport_introspection_cpp.hpp
[7.658s] -- Symlinking: /home/youngjin/rokey_proj_01/install/cobot1_interfaces/include/cobot1_interfaces/cobot1_interfaces/msg/detail/webcam_error__rosidl_typesupport_introspection_cpp.hpp
[7.667s] -- Symlinking: /home/youngjin/rokey_proj_01/install/cobot1_interfaces/include/cobot1_interfaces/cobot1_interfaces/srv/detail/process_mosaic__rosidl_typesupport_introspection_cpp.hpp
[7.675s] -- Symlinking: /home/youngjin/rokey_proj_01/install/cobot1_interfaces/include/cobot1_interfaces/cobot1_interfaces/srv/detail/sequence_plan__rosidl_typesupport_introspection_cpp.hpp
[7.683s] -- Symlinking: /home/youngjin/rokey_proj_01/install/cobot1_interfaces/share/cobot1_interfaces/environment/pythonpath.sh
[7.692s] -- Symlinking: /home/youngjin/rokey_proj_01/install/cobot1_interfaces/share/cobot1_interfaces/environment/pythonpath.dsv
[7.701s] -- Symlinking: /home/youngjin/rokey_proj_01/install/cobot1_interfaces/local/lib/python3.10/dist-packages/cobot1_interfaces-0.1.0-py3.10.egg-info/PKG-INFO
[7.709s] -- Symlinking: /home/youngjin/rokey_proj_01/install/cobot1_interfaces/local/lib/python3.10/dist-packages/cobot1_interfaces-0.1.0-py3.10.egg-info/SOURCES.txt
[7.718s] -- Symlinking: /home/youngjin/rokey_proj_01/install/cobot1_interfaces/local/lib/python3.10/dist-packages/cobot1_interfaces-0.1.0-py3.10.egg-info/dependency_links.txt
[7.728s] -- Symlinking: /home/youngjin/rokey_proj_01/install/cobot1_interfaces/local/lib/python3.10/dist-packages/cobot1_interfaces-0.1.0-py3.10.egg-info/top_level.txt
[7.738s] -- Symlinking: /home/youngjin/rokey_proj_01/install/cobot1_interfaces/local/lib/python3.10/dist-packages/cobot1_interfaces/__init__.py
[7.748s] -- Symlinking: /home/youngjin/rokey_proj_01/install/cobot1_interfaces/local/lib/python3.10/dist-packages/cobot1_interfaces/_cobot1_interfaces_s.ep.rosidl_typesupport_c.c
[7.757s] -- Symlinking: /home/youngjin/rokey_proj_01/install/cobot1_interfaces/local/lib/python3.10/dist-packages/cobot1_interfaces/_cobot1_interfaces_s.ep.rosidl_typesupport_fastrtps_c.c
[7.766s] -- Symlinking: /home/youngjin/rokey_proj_01/install/cobot1_interfaces/local/lib/python3.10/dist-packages/cobot1_interfaces/_cobot1_interfaces_s.ep.rosidl_typesupport_introspection_c.c
[7.775s] -- Symlinking: /home/youngjin/rokey_proj_01/install/cobot1_interfaces/local/lib/python3.10/dist-packages/cobot1_interfaces/action/__init__.py
[7.785s] -- Symlinking: /home/youngjin/rokey_proj_01/install/cobot1_interfaces/local/lib/python3.10/dist-packages/cobot1_interfaces/action/_assembly.py
[7.797s] -- Symlinking: /home/youngjin/rokey_proj_01/install/cobot1_interfaces/local/lib/python3.10/dist-packages/cobot1_interfaces/action/_assembly_s.c
[7.808s] -- Symlinking: /home/youngjin/rokey_proj_01/install/cobot1_interfaces/local/lib/python3.10/dist-packages/cobot1_interfaces/cobot1_interfaces_s__rosidl_typesupport_c.cpython-310-x86_64-linux-gnu.so
[7.819s] -- Symlinking: /home/youngjin/rokey_proj_01/install/cobot1_interfaces/local/lib/python3.10/dist-packages/cobot1_interfaces/cobot1_interfaces_s__rosidl_typesupport_fastrtps_c.cpython-310-x86_64-linux-gnu.so
[7.828s] -- Symlinking: /home/youngjin/rokey_proj_01/install/cobot1_interfaces/local/lib/python3.10/dist-packages/cobot1_interfaces/cobot1_interfaces_s__rosidl_typesupport_introspection_c.cpython-310-x86_64-linux-gnu.so
[7.838s] -- Symlinking: /home/youngjin/rokey_proj_01/install/cobot1_interfaces/local/lib/python3.10/dist-packages/cobot1_interfaces/libcobot1_interfaces__rosidl_generator_py.so
[7.847s] -- Symlinking: /home/youngjin/rokey_proj_01/install/cobot1_interfaces/local/lib/python3.10/dist-packages/cobot1_interfaces/msg/__init__.py
[7.857s] -- Symlinking: /home/youngjin/rokey_proj_01/install/cobot1_interfaces/local/lib/python3.10/dist-packages/cobot1_interfaces/msg/_block_task.py
[7.865s] -- Symlinking: /home/youngjin/rokey_proj_01/install/cobot1_interfaces/local/lib/python3.10/dist-packages/cobot1_interfaces/msg/_block_task_s.c
[7.874s] -- Symlinking: /home/youngjin/rokey_proj_01/install/cobot1_interfaces/local/lib/python3.10/dist-packages/cobot1_interfaces/msg/_expected_model.py
[7.884s] -- Symlinking: /home/youngjin/rokey_proj_01/install/cobot1_interfaces/local/lib/python3.10/dist-packages/cobot1_interfaces/msg/_expected_model_s.c
[7.893s] -- Symlinking: /home/youngjin/rokey_proj_01/install/cobot1_interfaces/local/lib/python3.10/dist-packages/cobot1_interfaces/msg/_webcam_error.py
[7.902s] -- Symlinking: /home/youngjin/rokey_proj_01/install/cobot1_interfaces/local/lib/python3.10/dist-packages/cobot1_interfaces/msg/_webcam_error_s.c
[7.912s] -- Symlinking: /home/youngjin/rokey_proj_01/install/cobot1_interfaces/local/lib/python3.10/dist-packages/cobot1_interfaces/srv/__init__.py
[7.921s] -- Symlinking: /home/youngjin/rokey_proj_01/install/cobot1_interfaces/local/lib/python3.10/dist-packages/cobot1_interfaces/srv/_process_mosaic.py
[7.930s] -- Symlinking: /home/youngjin/rokey_proj_01/install/cobot1_interfaces/local/lib/python3.10/dist-packages/cobot1_interfaces/srv/_process_mosaic_s.c
[7.940s] -- Symlinking: /home/youngjin/rokey_proj_01/install/cobot1_interfaces/local/lib/python3.10/dist-packages/cobot1_interfaces/srv/_sequence_plan.py
[7.951s] -- Symlinking: /home/youngjin/rokey_proj_01/install/cobot1_interfaces/local/lib/python3.10/dist-packages/cobot1_interfaces/srv/_sequence_plan_s.c
[7.962s] -- Up-to-date symlink: /home/youngjin/rokey_proj_01/install/cobot1_interfaces/local/lib/python3.10/dist-packages/cobot1_interfaces/cobot1_interfaces_s__rosidl_typesupport_fastrtps_c.cpython-310-x86_64-linux-gnu.so
[7.962s] -- Up-to-date symlink: /home/youngjin/rokey_proj_01/install/cobot1_interfaces/local/lib/python3.10/dist-packages/cobot1_interfaces/cobot1_interfaces_s__rosidl_typesupport_introspection_c.cpython-310-x86_64-linux-gnu.so
[7.962s] -- Up-to-date symlink: /home/youngjin/rokey_proj_01/install/cobot1_interfaces/local/lib/python3.10/dist-packages/cobot1_interfaces/cobot1_interfaces_s__rosidl_typesupport_c.cpython-310-x86_64-linux-gnu.so
[7.962s] -- Symlinking: /home/youngjin/rokey_proj_01/install/cobot1_interfaces/share/ament_index/resource_index/rust_packages/cobot1_interfaces
[7.973s] -- Symlinking: /home/youngjin/rokey_proj_01/install/cobot1_interfaces/share/cobot1_interfaces/rust/Cargo.toml
[7.983s] -- Symlinking: /home/youngjin/rokey_proj_01/install/cobot1_interfaces/share/cobot1_interfaces/rust/build.rs
[7.992s] -- Symlinking: /home/youngjin/rokey_proj_01/install/cobot1_interfaces/share/cobot1_interfaces/rust/src/action.rs
[8.001s] -- Symlinking: /home/youngjin/rokey_proj_01/install/cobot1_interfaces/share/cobot1_interfaces/rust/src/action/rmw.rs
[8.010s] -- Symlinking: /home/youngjin/rokey_proj_01/install/cobot1_interfaces/share/cobot1_interfaces/rust/src/lib.rs
[8.021s] -- Symlinking: /home/youngjin/rokey_proj_01/install/cobot1_interfaces/share/cobot1_interfaces/rust/src/msg.rs
[8.030s] -- Symlinking: /home/youngjin/rokey_proj_01/install/cobot1_interfaces/share/cobot1_interfaces/rust/src/msg/rmw.rs
[8.040s] -- Symlinking: /home/youngjin/rokey_proj_01/install/cobot1_interfaces/share/cobot1_interfaces/rust/src/srv.rs
[8.050s] -- Symlinking: /home/youngjin/rokey_proj_01/install/cobot1_interfaces/share/cobot1_interfaces/rust/src/srv/rmw.rs
[8.060s] -- Symlinking: /home/youngjin/rokey_proj_01/install/cobot1_interfaces/share/cobot1_interfaces/msg/WebcamError.idl
[8.071s] -- Symlinking: /home/youngjin/rokey_proj_01/install/cobot1_interfaces/share/cobot1_interfaces/msg/ExpectedModel.idl
[8.080s] -- Symlinking: /home/youngjin/rokey_proj_01/install/cobot1_interfaces/share/cobot1_interfaces/msg/BlockTask.idl
[8.090s] -- Symlinking: /home/youngjin/rokey_proj_01/install/cobot1_interfaces/share/cobot1_interfaces/srv/ProcessMosaic.idl
[8.100s] -- Symlinking: /home/youngjin/rokey_proj_01/install/cobot1_interfaces/share/cobot1_interfaces/srv/SequencePlan.idl
[8.109s] -- Symlinking: /home/youngjin/rokey_proj_01/install/cobot1_interfaces/share/cobot1_interfaces/action/Assembly.idl
[8.119s] -- Symlinking: /home/youngjin/rokey_proj_01/install/cobot1_interfaces/share/cobot1_interfaces/msg/WebcamError.msg
[8.129s] -- Symlinking: /home/youngjin/rokey_proj_01/install/cobot1_interfaces/share/cobot1_interfaces/msg/ExpectedModel.msg
[8.139s] -- Symlinking: /home/youngjin/rokey_proj_01/install/cobot1_interfaces/share/cobot1_interfaces/msg/BlockTask.msg
[8.149s] -- Symlinking: /home/youngjin/rokey_proj_01/install/cobot1_interfaces/share/cobot1_interfaces/srv/ProcessMosaic.srv
[8.159s] -- Symlinking: /home/youngjin/rokey_proj_01/install/cobot1_interfaces/share/cobot1_interfaces/srv/ProcessMosaic_Request.msg
[8.168s] -- Symlinking: /home/youngjin/rokey_proj_01/install/cobot1_interfaces/share/cobot1_interfaces/srv/ProcessMosaic_Response.msg
[8.179s] -- Symlinking: /home/youngjin/rokey_proj_01/install/cobot1_interfaces/share/cobot1_interfaces/srv/SequencePlan.srv
[8.189s] -- Symlinking: /home/youngjin/rokey_proj_01/install/cobot1_interfaces/share/cobot1_interfaces/srv/SequencePlan_Request.msg
[8.199s] -- Symlinking: /home/youngjin/rokey_proj_01/install/cobot1_interfaces/share/cobot1_interfaces/srv/SequencePlan_Response.msg
[8.208s] -- Symlinking: /home/youngjin/rokey_proj_01/install/cobot1_interfaces/share/cobot1_interfaces/action/Assembly.action
[8.217s] -- Symlinking: /home/youngjin/rokey_proj_01/install/cobot1_interfaces/share/ament_index/resource_index/package_run_dependencies/cobot1_interfaces
[8.227s] -- Symlinking: /home/youngjin/rokey_proj_01/install/cobot1_interfaces/share/ament_index/resource_index/parent_prefix_path/cobot1_interfaces
[8.237s] -- Symlinking: /home/youngjin/rokey_proj_01/install/cobot1_interfaces/share/cobot1_interfaces/environment/ament_prefix_path.sh
[8.247s] -- Symlinking: /home/youngjin/rokey_proj_01/install/cobot1_interfaces/share/cobot1_interfaces/environment/ament_prefix_path.dsv
[8.256s] -- Symlinking: /home/youngjin/rokey_proj_01/install/cobot1_interfaces/share/cobot1_interfaces/environment/path.sh
[8.266s] -- Symlinking: /home/youngjin/rokey_proj_01/install/cobot1_interfaces/share/cobot1_interfaces/environment/path.dsv
[8.276s] -- Symlinking: /home/youngjin/rokey_proj_01/install/cobot1_interfaces/share/cobot1_interfaces/local_setup.bash
[8.285s] -- Symlinking: /home/youngjin/rokey_proj_01/install/cobot1_interfaces/share/cobot1_interfaces/local_setup.sh
[8.295s] -- Symlinking: /home/youngjin/rokey_proj_01/install/cobot1_interfaces/share/cobot1_interfaces/local_setup.zsh
[8.305s] -- Symlinking: /home/youngjin/rokey_proj_01/install/cobot1_interfaces/share/cobot1_interfaces/local_setup.dsv
[8.315s] -- Symlinking: /home/youngjin/rokey_proj_01/install/cobot1_interfaces/share/cobot1_interfaces/package.dsv
[8.324s] -- Symlinking: /home/youngjin/rokey_proj_01/install/cobot1_interfaces/share/ament_index/resource_index/packages/cobot1_interfaces
[8.334s] -- Symlinking: /home/youngjin/rokey_proj_01/install/cobot1_interfaces/share/cobot1_interfaces/cmake/rosidl_cmake-extras.cmake
[8.344s] -- Symlinking: /home/youngjin/rokey_proj_01/install/cobot1_interfaces/share/cobot1_interfaces/cmake/ament_cmake_export_dependencies-extras.cmake
[8.353s] -- Symlinking: /home/youngjin/rokey_proj_01/install/cobot1_interfaces/share/cobot1_interfaces/cmake/ament_cmake_export_include_directories-extras.cmake
[8.363s] -- Symlinking: /home/youngjin/rokey_proj_01/install/cobot1_interfaces/share/cobot1_interfaces/cmake/ament_cmake_export_libraries-extras.cmake
[8.373s] -- Symlinking: /home/youngjin/rokey_proj_01/install/cobot1_interfaces/share/cobot1_interfaces/cmake/ament_cmake_export_targets-extras.cmake
[8.384s] -- Symlinking: /home/youngjin/rokey_proj_01/install/cobot1_interfaces/share/cobot1_interfaces/cmake/rosidl_cmake_export_typesupport_targets-extras.cmake
[8.394s] -- Symlinking: /home/youngjin/rokey_proj_01/install/cobot1_interfaces/share/cobot1_interfaces/cmake/rosidl_cmake_export_typesupport_libraries-extras.cmake
[8.403s] -- Symlinking: /home/youngjin/rokey_proj_01/install/cobot1_interfaces/share/cobot1_interfaces/cmake/cobot1_interfacesConfig.cmake
[8.413s] -- Symlinking: /home/youngjin/rokey_proj_01/install/cobot1_interfaces/share/cobot1_interfaces/cmake/cobot1_interfacesConfig-version.cmake
[8.423s] -- Symlinking: /home/youngjin/rokey_proj_01/install/cobot1_interfaces/share/cobot1_interfaces/package.xml
[8.433s] -- Installing: /home/youngjin/rokey_proj_01/install/cobot1_interfaces/lib/libcobot1_interfaces__rosidl_generator_c.so
[8.434s] -- Set runtime path of "/home/youngjin/rokey_proj_01/install/cobot1_interfaces/lib/libcobot1_interfaces__rosidl_generator_c.so" to ""
[8.434s] -- Installing: /home/youngjin/rokey_proj_01/install/cobot1_interfaces/lib/libcobot1_interfaces__rosidl_typesupport_fastrtps_c.so
[8.434s] -- Set runtime path of "/home/youngjin/rokey_proj_01/install/cobot1_interfaces/lib/libcobot1_interfaces__rosidl_typesupport_fastrtps_c.so" to ""
[8.434s] -- Installing: /home/youngjin/rokey_proj_01/install/cobot1_interfaces/lib/libcobot1_interfaces__rosidl_typesupport_introspection_c.so
[8.435s] -- Set runtime path of "/home/youngjin/rokey_proj_01/install/cobot1_interfaces/lib/libcobot1_interfaces__rosidl_typesupport_introspection_c.so" to ""
[8.435s] -- Installing: /home/youngjin/rokey_proj_01/install/cobot1_interfaces/lib/libcobot1_interfaces__rosidl_typesupport_c.so
[8.435s] -- Set runtime path of "/home/youngjin/rokey_proj_01/install/cobot1_interfaces/lib/libcobot1_interfaces__rosidl_typesupport_c.so" to ""
[8.435s] -- Installing: /home/youngjin/rokey_proj_01/install/cobot1_interfaces/lib/libcobot1_interfaces__rosidl_typesupport_fastrtps_cpp.so
[8.436s] -- Set runtime path of "/home/youngjin/rokey_proj_01/install/cobot1_interfaces/lib/libcobot1_interfaces__rosidl_typesupport_fastrtps_cpp.so" to ""
[8.436s] -- Installing: /home/youngjin/rokey_proj_01/install/cobot1_interfaces/lib/libcobot1_interfaces__rosidl_typesupport_introspection_cpp.so
[8.437s] -- Set runtime path of "/home/youngjin/rokey_proj_01/install/cobot1_interfaces/lib/libcobot1_interfaces__rosidl_typesupport_introspection_cpp.so" to ""
[8.437s] -- Installing: /home/youngjin/rokey_proj_01/install/cobot1_interfaces/lib/libcobot1_interfaces__rosidl_typesupport_cpp.so
[8.437s] -- Set runtime path of "/home/youngjin/rokey_proj_01/install/cobot1_interfaces/lib/libcobot1_interfaces__rosidl_typesupport_cpp.so" to ""
[8.496s] Listing '/home/youngjin/rokey_proj_01/install/cobot1_interfaces/local/lib/python3.10/dist-packages/cobot1_interfaces'...
[8.496s] Compiling '/home/youngjin/rokey_proj_01/install/cobot1_interfaces/local/lib/python3.10/dist-packages/cobot1_interfaces/__init__.py'...
[8.496s] Listing '/home/youngjin/rokey_proj_01/install/cobot1_interfaces/local/lib/python3.10/dist-packages/cobot1_interfaces/action'...
[8.496s] Compiling '/home/youngjin/rokey_proj_01/install/cobot1_interfaces/local/lib/python3.10/dist-packages/cobot1_interfaces/action/__init__.py'...
[8.496s] Compiling '/home/youngjin/rokey_proj_01/install/cobot1_interfaces/local/lib/python3.10/dist-packages/cobot1_interfaces/action/_assembly.py'...
[8.496s] Listing '/home/youngjin/rokey_proj_01/install/cobot1_interfaces/local/lib/python3.10/dist-packages/cobot1_interfaces/msg'...
[8.496s] Compiling '/home/youngjin/rokey_proj_01/install/cobot1_interfaces/local/lib/python3.10/dist-packages/cobot1_interfaces/msg/__init__.py'...
[8.496s] Compiling '/home/youngjin/rokey_proj_01/install/cobot1_interfaces/local/lib/python3.10/dist-packages/cobot1_interfaces/msg/_block_task.py'...
[8.496s] Compiling '/home/youngjin/rokey_proj_01/install/cobot1_interfaces/local/lib/python3.10/dist-packages/cobot1_interfaces/msg/_expected_model.py'...
[8.496s] Compiling '/home/youngjin/rokey_proj_01/install/cobot1_interfaces/local/lib/python3.10/dist-packages/cobot1_interfaces/msg/_webcam_error.py'...
[8.496s] Listing '/home/youngjin/rokey_proj_01/install/cobot1_interfaces/local/lib/python3.10/dist-packages/cobot1_interfaces/srv'...
[8.496s] Compiling '/home/youngjin/rokey_proj_01/install/cobot1_interfaces/local/lib/python3.10/dist-packages/cobot1_interfaces/srv/__init__.py'...
[8.496s] Compiling '/home/youngjin/rokey_proj_01/install/cobot1_interfaces/local/lib/python3.10/dist-packages/cobot1_interfaces/srv/_process_mosaic.py'...
[8.496s] Compiling '/home/youngjin/rokey_proj_01/install/cobot1_interfaces/local/lib/python3.10/dist-packages/cobot1_interfaces/srv/_sequence_plan.py'...
[8.500s] -- Installing: /home/youngjin/rokey_proj_01/install/cobot1_interfaces/lib/libcobot1_interfaces__rosidl_generator_py.so
[8.500s] -- Set runtime path of "/home/youngjin/rokey_proj_01/install/cobot1_interfaces/lib/libcobot1_interfaces__rosidl_generator_py.so" to ""
[8.500s] -- Installing: /home/youngjin/rokey_proj_01/install/cobot1_interfaces/share/cobot1_interfaces/cmake/export_cobot1_interfaces__rosidl_generator_cExport.cmake
[8.500s] -- Installing: /home/youngjin/rokey_proj_01/install/cobot1_interfaces/share/cobot1_interfaces/cmake/export_cobot1_interfaces__rosidl_generator_cExport-noconfig.cmake
[8.500s] -- Installing: /home/youngjin/rokey_proj_01/install/cobot1_interfaces/share/cobot1_interfaces/cmake/export_cobot1_interfaces__rosidl_typesupport_fastrtps_cExport.cmake
[8.501s] -- Installing: /home/youngjin/rokey_proj_01/install/cobot1_interfaces/share/cobot1_interfaces/cmake/export_cobot1_interfaces__rosidl_typesupport_fastrtps_cExport-noconfig.cmake
[8.501s] -- Installing: /home/youngjin/rokey_proj_01/install/cobot1_interfaces/share/cobot1_interfaces/cmake/cobot1_interfaces__rosidl_typesupport_introspection_cExport.cmake
[8.501s] -- Installing: /home/youngjin/rokey_proj_01/install/cobot1_interfaces/share/cobot1_interfaces/cmake/cobot1_interfaces__rosidl_typesupport_introspection_cExport-noconfig.cmake
[8.501s] -- Installing: /home/youngjin/rokey_proj_01/install/cobot1_interfaces/share/cobot1_interfaces/cmake/cobot1_interfaces__rosidl_typesupport_cExport.cmake
[8.501s] -- Installing: /home/youngjin/rokey_proj_01/install/cobot1_interfaces/share/cobot1_interfaces/cmake/cobot1_interfaces__rosidl_typesupport_cExport-noconfig.cmake
[8.501s] -- Installing: /home/youngjin/rokey_proj_01/install/cobot1_interfaces/share/cobot1_interfaces/cmake/export_cobot1_interfaces__rosidl_generator_cppExport.cmake
[8.502s] -- Installing: /home/youngjin/rokey_proj_01/install/cobot1_interfaces/share/cobot1_interfaces/cmake/export_cobot1_interfaces__rosidl_typesupport_fastrtps_cppExport.cmake
[8.502s] -- Installing: /home/youngjin/rokey_proj_01/install/cobot1_interfaces/share/cobot1_interfaces/cmake/export_cobot1_interfaces__rosidl_typesupport_fastrtps_cppExport-noconfig.cmake
[8.502s] -- Installing: /home/youngjin/rokey_proj_01/install/cobot1_interfaces/share/cobot1_interfaces/cmake/cobot1_interfaces__rosidl_typesupport_introspection_cppExport.cmake
[8.502s] -- Installing: /home/youngjin/rokey_proj_01/install/cobot1_interfaces/share/cobot1_interfaces/cmake/cobot1_interfaces__rosidl_typesupport_introspection_cppExport-noconfig.cmake
[8.502s] -- Installing: /home/youngjin/rokey_proj_01/install/cobot1_interfaces/share/cobot1_interfaces/cmake/cobot1_interfaces__rosidl_typesupport_cppExport.cmake
[8.502s] -- Installing: /home/youngjin/rokey_proj_01/install/cobot1_interfaces/share/cobot1_interfaces/cmake/cobot1_interfaces__rosidl_typesupport_cppExport-noconfig.cmake
[8.502s] -- Installing: /home/youngjin/rokey_proj_01/install/cobot1_interfaces/share/cobot1_interfaces/cmake/export_cobot1_interfaces__rosidl_generator_pyExport.cmake
[8.503s] -- Installing: /home/youngjin/rokey_proj_01/install/cobot1_interfaces/share/cobot1_interfaces/cmake/export_cobot1_interfaces__rosidl_generator_pyExport-noconfig.cmake
[8.505s] Invoked command in '/home/youngjin/rokey_proj_01/build/cobot1_interfaces' returned '0': CMAKE_PREFIX_PATH=/home/youngjin/ros2_ws/ws_cobot_pjt/ws_edu/install/m0609_rg2_moveit:/home/youngjin/ros2_ws/ws_cobot_pjt/ws_edu/install/m0609_rg2_bringup:/home/youngjin/ros2_ws/ws_cobot_pjt/ws_edu/install/onrobot_rg_msgs:/home/youngjin/ros2_ws/ws_cobot_pjt/ws_edu/install/onrobot_rg_description:/home/youngjin/ros2_ws/ws_cobot_pjt/ws_edu/install/dsr_realtime_control:/home/youngjin/ros2_ws/ws_cobot_pjt/ws_edu/install/dsr_mujoco:/home/youngjin/ros2_ws/ws_cobot_pjt/ws_edu/install/dsr_controller2:/home/youngjin/ros2_ws/ws_cobot_pjt/ws_edu/install/dsr_msgs2:/home/youngjin/ros2_ws/ws_cobot_pjt/ws_edu/install/dsr_moveit_config_p3020:/home/youngjin/ros2_ws/ws_cobot_pjt/ws_edu/install/dsr_moveit_config_m1509:/home/youngjin/ros2_ws/ws_cobot_pjt/ws_edu/install/dsr_moveit_config_m1013:/home/youngjin/ros2_ws/ws_cobot_pjt/ws_edu/install/dsr_moveit_config_m0617:/home/youngjin/ros2_ws/ws_cobot_pjt/ws_edu/install/dsr_moveit_config_m0609:/home/youngjin/ros2_ws/ws_cobot_pjt/ws_edu/install/dsr_moveit_config_h2515:/home/youngjin/ros2_ws/ws_cobot_pjt/ws_edu/install/dsr_moveit_config_h2017:/home/youngjin/ros2_ws/ws_cobot_pjt/ws_edu/install/dsr_moveit_config_e0509:/home/youngjin/ros2_ws/ws_cobot_pjt/ws_edu/install/dsr_moveit_config_a0912:/home/youngjin/ros2_ws/ws_cobot_pjt/ws_edu/install/dsr_moveit_config_a0509:/home/youngjin/ros2_ws/ws_cobot_pjt/ws_edu/install/dsr_hardware2:/home/youngjin/ros2_ws/ws_cobot_pjt/ws_edu/install/dsr_gazebo2:/home/youngjin/ros2_ws/ws_cobot_pjt/ws_edu/install/dsr_description2:/home/youngjin/ros2_ws/ws_cobot_pjt/ws_edu/install/dsr_common2:/home/youngjin/ros2_ws/ws_cobot_pjt/ws_edu/install/cobot1_interfaces:/home/youngjin/ros2_ws/install/robot_manager:/home/youngjin/ros2_ws/ws_cobot_pjt/ws_edu/install/onrobot_rg_modbus_tcp:/home/youngjin/ros2_ws/ws_cobot_pjt/ws_edu/install/onrobot_rg_control:/home/youngjin/ros2_ws/ws_cobot_pjt/ws_edu/install/dsr_visualservoing:/home/youngjin/ros2_ws/ws_cobot_pjt/ws_edu/install/dsr_tests:/home/youngjin/ros2_ws/ws_cobot_pjt/ws_edu/install/dsr_bringup2:/home/youngjin/ros2_ws/ws_cobot_pjt/ws_edu/install/cobot1:/home/youngjin/ros2_ws/ws_cobot_pjt/ws_edu/install/dsr_example:/home/youngjin/study_ws/install/day06_pkg:/home/youngjin/study_ws/install/day05_pkg:/home/youngjin/study_ws/install/day03_pkg:/home/youngjin/study_ws/install/day02_pkg:/home/youngjin/study_ws/install/day01_pkg:/home/youngjin/ros2_ws/install/rokey:/home/youngjin/ros2_ws/install/robot_controller:/home/youngjin/ros2_ws/install/pick_and_place_voice:/home/youngjin/ros2_ws/install/pick_and_place_text:/home/youngjin/ros2_ws/install/dsr_visualservoing:/home/youngjin/ros2_ws/install/dsr_tests:/home/youngjin/ros2_ws/install/dsr_bringup2:/home/youngjin/ros2_ws/install/dsr_example:/home/youngjin/turtlebot3_ws/install/rokey_work_pack:/opt/ros/humble:/home/youngjin/ros2_ws/install/od_msg:/home/youngjin/ros2_ws/install/ign_ros2_control_demos:/home/youngjin/ros2_ws/install/ign_ros2_control:/home/youngjin/ros2_ws/install/gz_ros2_control_tests:/home/youngjin/ros2_ws/install/gz_ros2_control_demos:/home/youngjin/ros2_ws/install/gz_ros2_control:/home/youngjin/ros2_ws/install/dsr_realtime_control:/home/youngjin/ros2_ws/install/dsr_controller2:/home/youngjin/ros2_ws/install/dsr_msgs2:/home/youngjin/ros2_ws/install/dsr_moveit_config_p3020:/home/youngjin/ros2_ws/install/dsr_moveit_config_m1509:/home/youngjin/ros2_ws/install/dsr_moveit_config_m1013:/home/youngjin/ros2_ws/install/dsr_moveit_config_m0617:/home/youngjin/ros2_ws/install/dsr_moveit_config_m0609:/home/youngjin/ros2_ws/install/dsr_moveit_config_h2515:/home/youngjin/ros2_ws/install/dsr_moveit_config_h2017:/home/youngjin/ros2_ws/install/dsr_moveit_config_e0509:/home/youngjin/ros2_ws/install/dsr_moveit_config_a0912:/home/youngjin/ros2_ws/install/dsr_moveit_config_a0509:/home/youngjin/ros2_ws/install/dsr_hardware2:/home/youngjin/ros2_ws/install/dsr_gazebo2:/home/youngjin/ros2_ws/install/dsr_description2:/home/youngjin/ros2_ws/install/dsr_common2:/home/youngjin/ros2_ws/install/assembly_interfaces /usr/bin/cmake --install /home/youngjin/rokey_proj_01/build/cobot1_interfaces
