[0.095s] DEBUG:colcon:Command line arguments: ['/usr/bin/colcon', 'build', '--symlink-install']
[0.095s] DEBUG:colcon:Parsed command line arguments: Namespace(log_base=None, log_level=None, verb_name='build', build_base='build', install_base='install', merge_install=False, symlink_install=True, test_result_base=None, continue_on_error=False, executor='parallel', parallel_workers=16, event_handlers=None, ignore_user_meta=False, metas=['./colcon.meta'], base_paths=['.'], packages_ignore=None, packages_ignore_regex=None, paths=None, packages_up_to=None, packages_up_to_regex=None, packages_above=None, packages_above_and_dependencies=None, packages_above_depth=None, packages_select_by_dep=None, packages_skip_by_dep=None, packages_skip_up_to=None, packages_select_build_failed=False, packages_skip_build_finished=False, packages_select_test_failures=False, packages_skip_test_passed=False, packages_select=None, packages_skip=None, packages_select_regex=None, packages_skip_regex=None, packages_start=None, packages_end=None, allow_overriding=[], cmake_args=None, cmake_target=None, cmake_target_skip_unavailable=False, cmake_clean_cache=False, cmake_clean_first=False, cmake_force_configure=False, ament_cmake_args=None, catkin_cmake_args=None, catkin_skip_building_tests=False, mixin_files=None, mixin=None, verb_parser=<colcon_mixin.mixin.mixin_argument.MixinArgumentDecorator object at 0x732adbd9a1d0>, verb_extension=<colcon_core.verb.build.BuildVerb object at 0x732adbd99c30>, main=<bound method BuildVerb.main of <colcon_core.verb.build.BuildVerb object at 0x732adbd99c30>>, mixin_verb=('build',))
[0.316s] Level 1:colcon.colcon_core.package_discovery:discover_packages(colcon_meta) check parameters
[0.316s] Level 1:colcon.colcon_core.package_discovery:discover_packages(recursive) check parameters
[0.316s] Level 1:colcon.colcon_core.package_discovery:discover_packages(ignore) check parameters
[0.316s] Level 1:colcon.colcon_core.package_discovery:discover_packages(path) check parameters
[0.316s] Level 1:colcon.colcon_core.package_discovery:discover_packages(colcon_meta) discover
[0.316s] Level 1:colcon.colcon_core.package_discovery:discover_packages(recursive) discover
[0.316s] INFO:colcon.colcon_core.package_discovery:Crawling recursively for packages in '/home/youngjin/rokey_proj_01'
[0.316s] Level 1:colcon.colcon_core.package_identification:_identify(.) by extensions ['ignore', 'ignore_ament_install']
[0.317s] Level 1:colcon.colcon_core.package_identification:_identify(.) by extension 'ignore'
[0.317s] Level 1:colcon.colcon_core.package_identification:_identify(.) by extension 'ignore_ament_install'
[0.317s] Level 1:colcon.colcon_core.package_identification:_identify(.) by extensions ['colcon_pkg']
[0.317s] Level 1:colcon.colcon_core.package_identification:_identify(.) by extension 'colcon_pkg'
[0.317s] Level 1:colcon.colcon_core.package_identification:_identify(.) by extensions ['colcon_meta']
[0.317s] Level 1:colcon.colcon_core.package_identification:_identify(.) by extension 'colcon_meta'
[0.317s] Level 1:colcon.colcon_core.package_identification:_identify(.) by extensions ['ros']
[0.317s] Level 1:colcon.colcon_core.package_identification:_identify(.) by extension 'ros'
[0.336s] Level 1:colcon.colcon_core.package_identification:_identify(.) by extensions ['cmake', 'python']
[0.336s] Level 1:colcon.colcon_core.package_identification:_identify(.) by extension 'cmake'
[0.336s] Level 1:colcon.colcon_core.package_identification:_identify(.) by extension 'python'
[0.336s] Level 1:colcon.colcon_core.package_identification:_identify(.) by extensions ['python_setup_py']
[0.336s] Level 1:colcon.colcon_core.package_identification:_identify(.) by extension 'python_setup_py'
[0.336s] Level 1:colcon.colcon_core.package_identification:_identify(build) by extensions ['ignore', 'ignore_ament_install']
[0.336s] Level 1:colcon.colcon_core.package_identification:_identify(build) by extension 'ignore'
[0.336s] Level 1:colcon.colcon_core.package_identification:_identify(build) ignored
[0.336s] Level 1:colcon.colcon_core.package_identification:_identify(docs) by extensions ['ignore', 'ignore_ament_install']
[0.336s] Level 1:colcon.colcon_core.package_identification:_identify(docs) by extension 'ignore'
[0.336s] Level 1:colcon.colcon_core.package_identification:_identify(docs) by extension 'ignore_ament_install'
[0.337s] Level 1:colcon.colcon_core.package_identification:_identify(docs) by extensions ['colcon_pkg']
[0.337s] Level 1:colcon.colcon_core.package_identification:_identify(docs) by extension 'colcon_pkg'
[0.337s] Level 1:colcon.colcon_core.package_identification:_identify(docs) by extensions ['colcon_meta']
[0.337s] Level 1:colcon.colcon_core.package_identification:_identify(docs) by extension 'colcon_meta'
[0.337s] Level 1:colcon.colcon_core.package_identification:_identify(docs) by extensions ['ros']
[0.337s] Level 1:colcon.colcon_core.package_identification:_identify(docs) by extension 'ros'
[0.337s] Level 1:colcon.colcon_core.package_identification:_identify(docs) by extensions ['cmake', 'python']
[0.337s] Level 1:colcon.colcon_core.package_identification:_identify(docs) by extension 'cmake'
[0.337s] Level 1:colcon.colcon_core.package_identification:_identify(docs) by extension 'python'
[0.337s] Level 1:colcon.colcon_core.package_identification:_identify(docs) by extensions ['python_setup_py']
[0.337s] Level 1:colcon.colcon_core.package_identification:_identify(docs) by extension 'python_setup_py'
[0.337s] Level 1:colcon.colcon_core.package_identification:_identify(install) by extensions ['ignore', 'ignore_ament_install']
[0.337s] Level 1:colcon.colcon_core.package_identification:_identify(install) by extension 'ignore'
[0.337s] Level 1:colcon.colcon_core.package_identification:_identify(install) ignored
[0.337s] Level 1:colcon.colcon_core.package_identification:_identify(log) by extensions ['ignore', 'ignore_ament_install']
[0.337s] Level 1:colcon.colcon_core.package_identification:_identify(log) by extension 'ignore'
[0.337s] Level 1:colcon.colcon_core.package_identification:_identify(log) ignored
[0.337s] Level 1:colcon.colcon_core.package_identification:_identify(src) by extensions ['ignore', 'ignore_ament_install']
[0.337s] Level 1:colcon.colcon_core.package_identification:_identify(src) by extension 'ignore'
[0.337s] Level 1:colcon.colcon_core.package_identification:_identify(src) by extension 'ignore_ament_install'
[0.337s] Level 1:colcon.colcon_core.package_identification:_identify(src) by extensions ['colcon_pkg']
[0.337s] Level 1:colcon.colcon_core.package_identification:_identify(src) by extension 'colcon_pkg'
[0.337s] Level 1:colcon.colcon_core.package_identification:_identify(src) by extensions ['colcon_meta']
[0.337s] Level 1:colcon.colcon_core.package_identification:_identify(src) by extension 'colcon_meta'
[0.337s] Level 1:colcon.colcon_core.package_identification:_identify(src) by extensions ['ros']
[0.337s] Level 1:colcon.colcon_core.package_identification:_identify(src) by extension 'ros'
[0.338s] Level 1:colcon.colcon_core.package_identification:_identify(src) by extensions ['cmake', 'python']
[0.338s] Level 1:colcon.colcon_core.package_identification:_identify(src) by extension 'cmake'
[0.338s] Level 1:colcon.colcon_core.package_identification:_identify(src) by extension 'python'
[0.338s] Level 1:colcon.colcon_core.package_identification:_identify(src) by extensions ['python_setup_py']
[0.338s] Level 1:colcon.colcon_core.package_identification:_identify(src) by extension 'python_setup_py'
[0.338s] Level 1:colcon.colcon_core.package_identification:_identify(src/cobot1) by extensions ['ignore', 'ignore_ament_install']
[0.338s] Level 1:colcon.colcon_core.package_identification:_identify(src/cobot1) by extension 'ignore'
[0.338s] Level 1:colcon.colcon_core.package_identification:_identify(src/cobot1) by extension 'ignore_ament_install'
[0.338s] Level 1:colcon.colcon_core.package_identification:_identify(src/cobot1) by extensions ['colcon_pkg']
[0.338s] Level 1:colcon.colcon_core.package_identification:_identify(src/cobot1) by extension 'colcon_pkg'
[0.338s] Level 1:colcon.colcon_core.package_identification:_identify(src/cobot1) by extensions ['colcon_meta']
[0.338s] Level 1:colcon.colcon_core.package_identification:_identify(src/cobot1) by extension 'colcon_meta'
[0.338s] Level 1:colcon.colcon_core.package_identification:_identify(src/cobot1) by extensions ['ros']
[0.338s] Level 1:colcon.colcon_core.package_identification:_identify(src/cobot1) by extension 'ros'
[0.340s] DEBUG:colcon.colcon_core.package_identification:Package 'src/cobot1' with type 'ros.ament_python' and name 'cobot1'
[0.340s] Level 1:colcon.colcon_core.package_identification:_identify(src/cobot1_interfaces) by extensions ['ignore', 'ignore_ament_install']
[0.340s] Level 1:colcon.colcon_core.package_identification:_identify(src/cobot1_interfaces) by extension 'ignore'
[0.340s] Level 1:colcon.colcon_core.package_identification:_identify(src/cobot1_interfaces) by extension 'ignore_ament_install'
[0.340s] Level 1:colcon.colcon_core.package_identification:_identify(src/cobot1_interfaces) by extensions ['colcon_pkg']
[0.340s] Level 1:colcon.colcon_core.package_identification:_identify(src/cobot1_interfaces) by extension 'colcon_pkg'
[0.340s] Level 1:colcon.colcon_core.package_identification:_identify(src/cobot1_interfaces) by extensions ['colcon_meta']
[0.341s] Level 1:colcon.colcon_core.package_identification:_identify(src/cobot1_interfaces) by extension 'colcon_meta'
[0.341s] Level 1:colcon.colcon_core.package_identification:_identify(src/cobot1_interfaces) by extensions ['ros']
[0.341s] Level 1:colcon.colcon_core.package_identification:_identify(src/cobot1_interfaces) by extension 'ros'
[0.341s] DEBUG:colcon.colcon_core.package_identification:Package 'src/cobot1_interfaces' with type 'ros.ament_cmake' and name 'cobot1_interfaces'
[0.341s] Level 1:colcon.colcon_core.package_identification:_identify(src/flask_app) by extensions ['ignore', 'ignore_ament_install']
[0.341s] Level 1:colcon.colcon_core.package_identification:_identify(src/flask_app) by extension 'ignore'
[0.341s] Level 1:colcon.colcon_core.package_identification:_identify(src/flask_app) by extension 'ignore_ament_install'
[0.341s] Level 1:colcon.colcon_core.package_identification:_identify(src/flask_app) by extensions ['colcon_pkg']
[0.342s] Level 1:colcon.colcon_core.package_identification:_identify(src/flask_app) by extension 'colcon_pkg'
[0.342s] Level 1:colcon.colcon_core.package_identification:_identify(src/flask_app) by extensions ['colcon_meta']
[0.342s] Level 1:colcon.colcon_core.package_identification:_identify(src/flask_app) by extension 'colcon_meta'
[0.342s] Level 1:colcon.colcon_core.package_identification:_identify(src/flask_app) by extensions ['ros']
[0.342s] Level 1:colcon.colcon_core.package_identification:_identify(src/flask_app) by extension 'ros'
[0.342s] Level 1:colcon.colcon_core.package_identification:_identify(src/flask_app) by extensions ['cmake', 'python']
[0.342s] Level 1:colcon.colcon_core.package_identification:_identify(src/flask_app) by extension 'cmake'
[0.342s] Level 1:colcon.colcon_core.package_identification:_identify(src/flask_app) by extension 'python'
[0.342s] Level 1:colcon.colcon_core.package_identification:_identify(src/flask_app) by extensions ['python_setup_py']
[0.342s] Level 1:colcon.colcon_core.package_identification:_identify(src/flask_app) by extension 'python_setup_py'
[0.342s] Level 1:colcon.colcon_core.package_identification:_identify(src/flask_app/static) by extensions ['ignore', 'ignore_ament_install']
[0.342s] Level 1:colcon.colcon_core.package_identification:_identify(src/flask_app/static) by extension 'ignore'
[0.342s] Level 1:colcon.colcon_core.package_identification:_identify(src/flask_app/static) by extension 'ignore_ament_install'
[0.342s] Level 1:colcon.colcon_core.package_identification:_identify(src/flask_app/static) by extensions ['colcon_pkg']
[0.342s] Level 1:colcon.colcon_core.package_identification:_identify(src/flask_app/static) by extension 'colcon_pkg'
[0.342s] Level 1:colcon.colcon_core.package_identification:_identify(src/flask_app/static) by extensions ['colcon_meta']
[0.342s] Level 1:colcon.colcon_core.package_identification:_identify(src/flask_app/static) by extension 'colcon_meta'
[0.342s] Level 1:colcon.colcon_core.package_identification:_identify(src/flask_app/static) by extensions ['ros']
[0.342s] Level 1:colcon.colcon_core.package_identification:_identify(src/flask_app/static) by extension 'ros'
[0.342s] Level 1:colcon.colcon_core.package_identification:_identify(src/flask_app/static) by extensions ['cmake', 'python']
[0.342s] Level 1:colcon.colcon_core.package_identification:_identify(src/flask_app/static) by extension 'cmake'
[0.342s] Level 1:colcon.colcon_core.package_identification:_identify(src/flask_app/static) by extension 'python'
[0.342s] Level 1:colcon.colcon_core.package_identification:_identify(src/flask_app/static) by extensions ['python_setup_py']
[0.342s] Level 1:colcon.colcon_core.package_identification:_identify(src/flask_app/static) by extension 'python_setup_py'
[0.342s] Level 1:colcon.colcon_core.package_identification:_identify(src/flask_app/templates) by extensions ['ignore', 'ignore_ament_install']
[0.342s] Level 1:colcon.colcon_core.package_identification:_identify(src/flask_app/templates) by extension 'ignore'
[0.343s] Level 1:colcon.colcon_core.package_identification:_identify(src/flask_app/templates) by extension 'ignore_ament_install'
[0.343s] Level 1:colcon.colcon_core.package_identification:_identify(src/flask_app/templates) by extensions ['colcon_pkg']
[0.343s] Level 1:colcon.colcon_core.package_identification:_identify(src/flask_app/templates) by extension 'colcon_pkg'
[0.343s] Level 1:colcon.colcon_core.package_identification:_identify(src/flask_app/templates) by extensions ['colcon_meta']
[0.343s] Level 1:colcon.colcon_core.package_identification:_identify(src/flask_app/templates) by extension 'colcon_meta'
[0.343s] Level 1:colcon.colcon_core.package_identification:_identify(src/flask_app/templates) by extensions ['ros']
[0.343s] Level 1:colcon.colcon_core.package_identification:_identify(src/flask_app/templates) by extension 'ros'
[0.343s] Level 1:colcon.colcon_core.package_identification:_identify(src/flask_app/templates) by extensions ['cmake', 'python']
[0.343s] Level 1:colcon.colcon_core.package_identification:_identify(src/flask_app/templates) by extension 'cmake'
[0.343s] Level 1:colcon.colcon_core.package_identification:_identify(src/flask_app/templates) by extension 'python'
[0.343s] Level 1:colcon.colcon_core.package_identification:_identify(src/flask_app/templates) by extensions ['python_setup_py']
[0.343s] Level 1:colcon.colcon_core.package_identification:_identify(src/flask_app/templates) by extension 'python_setup_py'
[0.343s] Level 1:colcon.colcon_core.package_discovery:discover_packages(recursive) using defaults
[0.343s] Level 1:colcon.colcon_core.package_discovery:discover_packages(ignore) discover
[0.343s] Level 1:colcon.colcon_core.package_discovery:discover_packages(ignore) using defaults
[0.343s] Level 1:colcon.colcon_core.package_discovery:discover_packages(path) discover
[0.343s] Level 1:colcon.colcon_core.package_discovery:discover_packages(path) using defaults
[0.364s] Level 1:colcon.colcon_core.package_discovery:discover_packages(prefix_path) check parameters
[0.364s] Level 1:colcon.colcon_core.package_discovery:discover_packages(prefix_path) discover
[0.370s] DEBUG:colcon.colcon_installed_package_information.package_discovery:Found 33 installed packages in /home/youngjin/ros2_ws/install
[0.371s] DEBUG:colcon.colcon_installed_package_information.package_discovery:Found 30 installed packages in /home/youngjin/ros2_ws/ws_cobot_pjt/ws_edu/install
[0.373s] DEBUG:colcon.colcon_installed_package_information.package_discovery:Found 5 installed packages in /home/youngjin/study_ws/install
[0.373s] DEBUG:colcon.colcon_installed_package_information.package_discovery:Found 1 installed packages in /home/youngjin/turtlebot3_ws/install
[0.375s] DEBUG:colcon.colcon_installed_package_information.package_discovery:Found 446 installed packages in /opt/ros/humble
[0.376s] Level 1:colcon.colcon_core.package_discovery:discover_packages(prefix_path) using defaults
[0.467s] Level 5:colcon.colcon_core.verb:set package 'cobot1_interfaces' build argument 'cmake_args' from command line to 'None'
[0.467s] Level 5:colcon.colcon_core.verb:set package 'cobot1_interfaces' build argument 'cmake_target' from command line to 'None'
[0.467s] Level 5:colcon.colcon_core.verb:set package 'cobot1_interfaces' build argument 'cmake_target_skip_unavailable' from command line to 'False'
[0.467s] Level 5:colcon.colcon_core.verb:set package 'cobot1_interfaces' build argument 'cmake_clean_cache' from command line to 'False'
[0.467s] Level 5:colcon.colcon_core.verb:set package 'cobot1_interfaces' build argument 'cmake_clean_first' from command line to 'False'
[0.467s] Level 5:colcon.colcon_core.verb:set package 'cobot1_interfaces' build argument 'cmake_force_configure' from command line to 'False'
[0.467s] Level 5:colcon.colcon_core.verb:set package 'cobot1_interfaces' build argument 'ament_cmake_args' from command line to 'None'
[0.467s] Level 5:colcon.colcon_core.verb:set package 'cobot1_interfaces' build argument 'catkin_cmake_args' from command line to 'None'
[0.467s] Level 5:colcon.colcon_core.verb:set package 'cobot1_interfaces' build argument 'catkin_skip_building_tests' from command line to 'False'
[0.467s] DEBUG:colcon.colcon_core.verb:Building package 'cobot1_interfaces' with the following arguments: {'ament_cmake_args': None, 'build_base': '/home/youngjin/rokey_proj_01/build/cobot1_interfaces', 'catkin_cmake_args': None, 'catkin_skip_building_tests': False, 'cmake_args': None, 'cmake_clean_cache': False, 'cmake_clean_first': False, 'cmake_force_configure': False, 'cmake_target': None, 'cmake_target_skip_unavailable': False, 'install_base': '/home/youngjin/rokey_proj_01/install/cobot1_interfaces', 'merge_install': False, 'path': '/home/youngjin/rokey_proj_01/src/cobot1_interfaces', 'symlink_install': True, 'test_result_base': None}
[0.467s] Level 5:colcon.colcon_core.verb:set package 'cobot1' build argument 'cmake_args' from command line to 'None'
[0.467s] Level 5:colcon.colcon_core.verb:set package 'cobot1' build argument 'cmake_target' from command line to 'None'
[0.467s] Level 5:colcon.colcon_core.verb:set package 'cobot1' build argument 'cmake_target_skip_unavailable' from command line to 'False'
[0.467s] Level 5:colcon.colcon_core.verb:set package 'cobot1' build argument 'cmake_clean_cache' from command line to 'False'
[0.467s] Level 5:colcon.colcon_core.verb:set package 'cobot1' build argument 'cmake_clean_first' from command line to 'False'
[0.467s] Level 5:colcon.colcon_core.verb:set package 'cobot1' build argument 'cmake_force_configure' from command line to 'False'
[0.467s] Level 5:colcon.colcon_core.verb:set package 'cobot1' build argument 'ament_cmake_args' from command line to 'None'
[0.467s] Level 5:colcon.colcon_core.verb:set package 'cobot1' build argument 'catkin_cmake_args' from command line to 'None'
[0.467s] Level 5:colcon.colcon_core.verb:set package 'cobot1' build argument 'catkin_skip_building_tests' from command line to 'False'
[0.467s] DEBUG:colcon.colcon_core.verb:Building package 'cobot1' with the following arguments: {'ament_cmake_args': None, 'build_base': '/home/youngjin/rokey_proj_01/build/cobot1', 'catkin_cmake_args': None, 'catkin_skip_building_tests': False, 'cmake_args': None, 'cmake_clean_cache': False, 'cmake_clean_first': False, 'cmake_force_configure': False, 'cmake_target': None, 'cmake_target_skip_unavailable': False, 'install_base': '/home/youngjin/rokey_proj_01/install/cobot1', 'merge_install': False, 'path': '/home/youngjin/rokey_proj_01/src/cobot1', 'symlink_install': True, 'test_result_base': None}
[0.467s] INFO:colcon.colcon_core.executor:Executing jobs using 'parallel' executor
[0.468s] DEBUG:colcon.colcon_parallel_executor.executor.parallel:run_until_complete
[0.468s] INFO:colcon.colcon_ros.task.ament_cmake.build:Building ROS package in '/home/youngjin/rokey_proj_01/src/cobot1_interfaces' with build type 'ament_cmake'
[0.468s] INFO:colcon.colcon_cmake.task.cmake.build:Building CMake package in '/home/youngjin/rokey_proj_01/src/cobot1_interfaces'
[0.472s] INFO:colcon.colcon_core.plugin_system:Skipping extension 'colcon_core.shell.bat': Not used on non-Windows systems
[0.472s] INFO:colcon.colcon_core.shell:Skip shell extension 'powershell' for command environment: Not usable outside of PowerShell
[0.472s] DEBUG:colcon.colcon_core.shell:Skip shell extension 'dsv' for command environment
[0.484s] DEBUG:colcon.colcon_core.event_handler.log_command:Invoking command in '/home/youngjin/rokey_proj_01/build/cobot1_interfaces': CMAKE_PREFIX_PATH=/home/youngjin/ros2_ws/ws_cobot_pjt/ws_edu/install/m0609_rg2_moveit:/home/youngjin/ros2_ws/ws_cobot_pjt/ws_edu/install/m0609_rg2_bringup:/home/youngjin/ros2_ws/ws_cobot_pjt/ws_edu/install/onrobot_rg_msgs:/home/youngjin/ros2_ws/ws_cobot_pjt/ws_edu/install/onrobot_rg_description:/home/youngjin/ros2_ws/ws_cobot_pjt/ws_edu/install/dsr_realtime_control:/home/youngjin/ros2_ws/ws_cobot_pjt/ws_edu/install/dsr_mujoco:/home/youngjin/ros2_ws/ws_cobot_pjt/ws_edu/install/dsr_controller2:/home/youngjin/ros2_ws/ws_cobot_pjt/ws_edu/install/dsr_msgs2:/home/youngjin/ros2_ws/ws_cobot_pjt/ws_edu/install/dsr_moveit_config_p3020:/home/youngjin/ros2_ws/ws_cobot_pjt/ws_edu/install/dsr_moveit_config_m1509:/home/youngjin/ros2_ws/ws_cobot_pjt/ws_edu/install/dsr_moveit_config_m1013:/home/youngjin/ros2_ws/ws_cobot_pjt/ws_edu/install/dsr_moveit_config_m0617:/home/youngjin/ros2_ws/ws_cobot_pjt/ws_edu/install/dsr_moveit_config_m0609:/home/youngjin/ros2_ws/ws_cobot_pjt/ws_edu/install/dsr_moveit_config_h2515:/home/youngjin/ros2_ws/ws_cobot_pjt/ws_edu/install/dsr_moveit_config_h2017:/home/youngjin/ros2_ws/ws_cobot_pjt/ws_edu/install/dsr_moveit_config_e0509:/home/youngjin/ros2_ws/ws_cobot_pjt/ws_edu/install/dsr_moveit_config_a0912:/home/youngjin/ros2_ws/ws_cobot_pjt/ws_edu/install/dsr_moveit_config_a0509:/home/youngjin/ros2_ws/ws_cobot_pjt/ws_edu/install/dsr_hardware2:/home/youngjin/ros2_ws/ws_cobot_pjt/ws_edu/install/dsr_gazebo2:/home/youngjin/ros2_ws/ws_cobot_pjt/ws_edu/install/dsr_description2:/home/youngjin/ros2_ws/ws_cobot_pjt/ws_edu/install/dsr_common2:/home/youngjin/ros2_ws/ws_cobot_pjt/ws_edu/install/cobot1_interfaces:/home/youngjin/ros2_ws/install/robot_manager:/home/youngjin/ros2_ws/ws_cobot_pjt/ws_edu/install/onrobot_rg_modbus_tcp:/home/youngjin/ros2_ws/ws_cobot_pjt/ws_edu/install/onrobot_rg_control:/home/youngjin/ros2_ws/ws_cobot_pjt/ws_edu/install/dsr_visualservoing:/home/youngjin/ros2_ws/ws_cobot_pjt/ws_edu/install/dsr_tests:/home/youngjin/ros2_ws/ws_cobot_pjt/ws_edu/install/dsr_bringup2:/home/youngjin/ros2_ws/ws_cobot_pjt/ws_edu/install/cobot1:/home/youngjin/ros2_ws/ws_cobot_pjt/ws_edu/install/dsr_example:/home/youngjin/study_ws/install/day06_pkg:/home/youngjin/study_ws/install/day05_pkg:/home/youngjin/study_ws/install/day03_pkg:/home/youngjin/study_ws/install/day02_pkg:/home/youngjin/study_ws/install/day01_pkg:/home/youngjin/ros2_ws/install/rokey:/home/youngjin/ros2_ws/install/robot_controller:/home/youngjin/ros2_ws/install/pick_and_place_voice:/home/youngjin/ros2_ws/install/pick_and_place_text:/home/youngjin/ros2_ws/install/dsr_visualservoing:/home/youngjin/ros2_ws/install/dsr_tests:/home/youngjin/ros2_ws/install/dsr_bringup2:/home/youngjin/ros2_ws/install/dsr_example:/home/youngjin/turtlebot3_ws/install/rokey_work_pack:/opt/ros/humble:/home/youngjin/ros2_ws/install/od_msg:/home/youngjin/ros2_ws/install/ign_ros2_control_demos:/home/youngjin/ros2_ws/install/ign_ros2_control:/home/youngjin/ros2_ws/install/gz_ros2_control_tests:/home/youngjin/ros2_ws/install/gz_ros2_control_demos:/home/youngjin/ros2_ws/install/gz_ros2_control:/home/youngjin/ros2_ws/install/dsr_realtime_control:/home/youngjin/ros2_ws/install/dsr_controller2:/home/youngjin/ros2_ws/install/dsr_msgs2:/home/youngjin/ros2_ws/install/dsr_moveit_config_p3020:/home/youngjin/ros2_ws/install/dsr_moveit_config_m1509:/home/youngjin/ros2_ws/install/dsr_moveit_config_m1013:/home/youngjin/ros2_ws/install/dsr_moveit_config_m0617:/home/youngjin/ros2_ws/install/dsr_moveit_config_m0609:/home/youngjin/ros2_ws/install/dsr_moveit_config_h2515:/home/youngjin/ros2_ws/install/dsr_moveit_config_h2017:/home/youngjin/ros2_ws/install/dsr_moveit_config_e0509:/home/youngjin/ros2_ws/install/dsr_moveit_config_a0912:/home/youngjin/ros2_ws/install/dsr_moveit_config_a0509:/home/youngjin/ros2_ws/install/dsr_hardware2:/home/youngjin/ros2_ws/install/dsr_gazebo2:/home/youngjin/ros2_ws/install/dsr_description2:/home/youngjin/ros2_ws/install/dsr_common2:/home/youngjin/ros2_ws/install/assembly_interfaces /usr/bin/cmake /home/youngjin/rokey_proj_01/src/cobot1_interfaces -DAMENT_CMAKE_SYMLINK_INSTALL=1 -DCMAKE_INSTALL_PREFIX=/home/youngjin/rokey_proj_01/install/cobot1_interfaces
[3.107s] DEBUG:colcon.colcon_core.event_handler.log_command:Invoked command in '/home/youngjin/rokey_proj_01/build/cobot1_interfaces' returned '0': CMAKE_PREFIX_PATH=/home/youngjin/ros2_ws/ws_cobot_pjt/ws_edu/install/m0609_rg2_moveit:/home/youngjin/ros2_ws/ws_cobot_pjt/ws_edu/install/m0609_rg2_bringup:/home/youngjin/ros2_ws/ws_cobot_pjt/ws_edu/install/onrobot_rg_msgs:/home/youngjin/ros2_ws/ws_cobot_pjt/ws_edu/install/onrobot_rg_description:/home/youngjin/ros2_ws/ws_cobot_pjt/ws_edu/install/dsr_realtime_control:/home/youngjin/ros2_ws/ws_cobot_pjt/ws_edu/install/dsr_mujoco:/home/youngjin/ros2_ws/ws_cobot_pjt/ws_edu/install/dsr_controller2:/home/youngjin/ros2_ws/ws_cobot_pjt/ws_edu/install/dsr_msgs2:/home/youngjin/ros2_ws/ws_cobot_pjt/ws_edu/install/dsr_moveit_config_p3020:/home/youngjin/ros2_ws/ws_cobot_pjt/ws_edu/install/dsr_moveit_config_m1509:/home/youngjin/ros2_ws/ws_cobot_pjt/ws_edu/install/dsr_moveit_config_m1013:/home/youngjin/ros2_ws/ws_cobot_pjt/ws_edu/install/dsr_moveit_config_m0617:/home/youngjin/ros2_ws/ws_cobot_pjt/ws_edu/install/dsr_moveit_config_m0609:/home/youngjin/ros2_ws/ws_cobot_pjt/ws_edu/install/dsr_moveit_config_h2515:/home/youngjin/ros2_ws/ws_cobot_pjt/ws_edu/install/dsr_moveit_config_h2017:/home/youngjin/ros2_ws/ws_cobot_pjt/ws_edu/install/dsr_moveit_config_e0509:/home/youngjin/ros2_ws/ws_cobot_pjt/ws_edu/install/dsr_moveit_config_a0912:/home/youngjin/ros2_ws/ws_cobot_pjt/ws_edu/install/dsr_moveit_config_a0509:/home/youngjin/ros2_ws/ws_cobot_pjt/ws_edu/install/dsr_hardware2:/home/youngjin/ros2_ws/ws_cobot_pjt/ws_edu/install/dsr_gazebo2:/home/youngjin/ros2_ws/ws_cobot_pjt/ws_edu/install/dsr_description2:/home/youngjin/ros2_ws/ws_cobot_pjt/ws_edu/install/dsr_common2:/home/youngjin/ros2_ws/ws_cobot_pjt/ws_edu/install/cobot1_interfaces:/home/youngjin/ros2_ws/install/robot_manager:/home/youngjin/ros2_ws/ws_cobot_pjt/ws_edu/install/onrobot_rg_modbus_tcp:/home/youngjin/ros2_ws/ws_cobot_pjt/ws_edu/install/onrobot_rg_control:/home/youngjin/ros2_ws/ws_cobot_pjt/ws_edu/install/dsr_visualservoing:/home/youngjin/ros2_ws/ws_cobot_pjt/ws_edu/install/dsr_tests:/home/youngjin/ros2_ws/ws_cobot_pjt/ws_edu/install/dsr_bringup2:/home/youngjin/ros2_ws/ws_cobot_pjt/ws_edu/install/cobot1:/home/youngjin/ros2_ws/ws_cobot_pjt/ws_edu/install/dsr_example:/home/youngjin/study_ws/install/day06_pkg:/home/youngjin/study_ws/install/day05_pkg:/home/youngjin/study_ws/install/day03_pkg:/home/youngjin/study_ws/install/day02_pkg:/home/youngjin/study_ws/install/day01_pkg:/home/youngjin/ros2_ws/install/rokey:/home/youngjin/ros2_ws/install/robot_controller:/home/youngjin/ros2_ws/install/pick_and_place_voice:/home/youngjin/ros2_ws/install/pick_and_place_text:/home/youngjin/ros2_ws/install/dsr_visualservoing:/home/youngjin/ros2_ws/install/dsr_tests:/home/youngjin/ros2_ws/install/dsr_bringup2:/home/youngjin/ros2_ws/install/dsr_example:/home/youngjin/turtlebot3_ws/install/rokey_work_pack:/opt/ros/humble:/home/youngjin/ros2_ws/install/od_msg:/home/youngjin/ros2_ws/install/ign_ros2_control_demos:/home/youngjin/ros2_ws/install/ign_ros2_control:/home/youngjin/ros2_ws/install/gz_ros2_control_tests:/home/youngjin/ros2_ws/install/gz_ros2_control_demos:/home/youngjin/ros2_ws/install/gz_ros2_control:/home/youngjin/ros2_ws/install/dsr_realtime_control:/home/youngjin/ros2_ws/install/dsr_controller2:/home/youngjin/ros2_ws/install/dsr_msgs2:/home/youngjin/ros2_ws/install/dsr_moveit_config_p3020:/home/youngjin/ros2_ws/install/dsr_moveit_config_m1509:/home/youngjin/ros2_ws/install/dsr_moveit_config_m1013:/home/youngjin/ros2_ws/install/dsr_moveit_config_m0617:/home/youngjin/ros2_ws/install/dsr_moveit_config_m0609:/home/youngjin/ros2_ws/install/dsr_moveit_config_h2515:/home/youngjin/ros2_ws/install/dsr_moveit_config_h2017:/home/youngjin/ros2_ws/install/dsr_moveit_config_e0509:/home/youngjin/ros2_ws/install/dsr_moveit_config_a0912:/home/youngjin/ros2_ws/install/dsr_moveit_config_a0509:/home/youngjin/ros2_ws/install/dsr_hardware2:/home/youngjin/ros2_ws/install/dsr_gazebo2:/home/youngjin/ros2_ws/install/dsr_description2:/home/youngjin/ros2_ws/install/dsr_common2:/home/youngjin/ros2_ws/install/assembly_interfaces /usr/bin/cmake /home/youngjin/rokey_proj_01/src/cobot1_interfaces -DAMENT_CMAKE_SYMLINK_INSTALL=1 -DCMAKE_INSTALL_PREFIX=/home/youngjin/rokey_proj_01/install/cobot1_interfaces
[3.108s] DEBUG:colcon.colcon_core.event_handler.log_command:Invoking command in '/home/youngjin/rokey_proj_01/build/cobot1_interfaces': CMAKE_PREFIX_PATH=/home/youngjin/ros2_ws/ws_cobot_pjt/ws_edu/install/m0609_rg2_moveit:/home/youngjin/ros2_ws/ws_cobot_pjt/ws_edu/install/m0609_rg2_bringup:/home/youngjin/ros2_ws/ws_cobot_pjt/ws_edu/install/onrobot_rg_msgs:/home/youngjin/ros2_ws/ws_cobot_pjt/ws_edu/install/onrobot_rg_description:/home/youngjin/ros2_ws/ws_cobot_pjt/ws_edu/install/dsr_realtime_control:/home/youngjin/ros2_ws/ws_cobot_pjt/ws_edu/install/dsr_mujoco:/home/youngjin/ros2_ws/ws_cobot_pjt/ws_edu/install/dsr_controller2:/home/youngjin/ros2_ws/ws_cobot_pjt/ws_edu/install/dsr_msgs2:/home/youngjin/ros2_ws/ws_cobot_pjt/ws_edu/install/dsr_moveit_config_p3020:/home/youngjin/ros2_ws/ws_cobot_pjt/ws_edu/install/dsr_moveit_config_m1509:/home/youngjin/ros2_ws/ws_cobot_pjt/ws_edu/install/dsr_moveit_config_m1013:/home/youngjin/ros2_ws/ws_cobot_pjt/ws_edu/install/dsr_moveit_config_m0617:/home/youngjin/ros2_ws/ws_cobot_pjt/ws_edu/install/dsr_moveit_config_m0609:/home/youngjin/ros2_ws/ws_cobot_pjt/ws_edu/install/dsr_moveit_config_h2515:/home/youngjin/ros2_ws/ws_cobot_pjt/ws_edu/install/dsr_moveit_config_h2017:/home/youngjin/ros2_ws/ws_cobot_pjt/ws_edu/install/dsr_moveit_config_e0509:/home/youngjin/ros2_ws/ws_cobot_pjt/ws_edu/install/dsr_moveit_config_a0912:/home/youngjin/ros2_ws/ws_cobot_pjt/ws_edu/install/dsr_moveit_config_a0509:/home/youngjin/ros2_ws/ws_cobot_pjt/ws_edu/install/dsr_hardware2:/home/youngjin/ros2_ws/ws_cobot_pjt/ws_edu/install/dsr_gazebo2:/home/youngjin/ros2_ws/ws_cobot_pjt/ws_edu/install/dsr_description2:/home/youngjin/ros2_ws/ws_cobot_pjt/ws_edu/install/dsr_common2:/home/youngjin/ros2_ws/ws_cobot_pjt/ws_edu/install/cobot1_interfaces:/home/youngjin/ros2_ws/install/robot_manager:/home/youngjin/ros2_ws/ws_cobot_pjt/ws_edu/install/onrobot_rg_modbus_tcp:/home/youngjin/ros2_ws/ws_cobot_pjt/ws_edu/install/onrobot_rg_control:/home/youngjin/ros2_ws/ws_cobot_pjt/ws_edu/install/dsr_visualservoing:/home/youngjin/ros2_ws/ws_cobot_pjt/ws_edu/install/dsr_tests:/home/youngjin/ros2_ws/ws_cobot_pjt/ws_edu/install/dsr_bringup2:/home/youngjin/ros2_ws/ws_cobot_pjt/ws_edu/install/cobot1:/home/youngjin/ros2_ws/ws_cobot_pjt/ws_edu/install/dsr_example:/home/youngjin/study_ws/install/day06_pkg:/home/youngjin/study_ws/install/day05_pkg:/home/youngjin/study_ws/install/day03_pkg:/home/youngjin/study_ws/install/day02_pkg:/home/youngjin/study_ws/install/day01_pkg:/home/youngjin/ros2_ws/install/rokey:/home/youngjin/ros2_ws/install/robot_controller:/home/youngjin/ros2_ws/install/pick_and_place_voice:/home/youngjin/ros2_ws/install/pick_and_place_text:/home/youngjin/ros2_ws/install/dsr_visualservoing:/home/youngjin/ros2_ws/install/dsr_tests:/home/youngjin/ros2_ws/install/dsr_bringup2:/home/youngjin/ros2_ws/install/dsr_example:/home/youngjin/turtlebot3_ws/install/rokey_work_pack:/opt/ros/humble:/home/youngjin/ros2_ws/install/od_msg:/home/youngjin/ros2_ws/install/ign_ros2_control_demos:/home/youngjin/ros2_ws/install/ign_ros2_control:/home/youngjin/ros2_ws/install/gz_ros2_control_tests:/home/youngjin/ros2_ws/install/gz_ros2_control_demos:/home/youngjin/ros2_ws/install/gz_ros2_control:/home/youngjin/ros2_ws/install/dsr_realtime_control:/home/youngjin/ros2_ws/install/dsr_controller2:/home/youngjin/ros2_ws/install/dsr_msgs2:/home/youngjin/ros2_ws/install/dsr_moveit_config_p3020:/home/youngjin/ros2_ws/install/dsr_moveit_config_m1509:/home/youngjin/ros2_ws/install/dsr_moveit_config_m1013:/home/youngjin/ros2_ws/install/dsr_moveit_config_m0617:/home/youngjin/ros2_ws/install/dsr_moveit_config_m0609:/home/youngjin/ros2_ws/install/dsr_moveit_config_h2515:/home/youngjin/ros2_ws/install/dsr_moveit_config_h2017:/home/youngjin/ros2_ws/install/dsr_moveit_config_e0509:/home/youngjin/ros2_ws/install/dsr_moveit_config_a0912:/home/youngjin/ros2_ws/install/dsr_moveit_config_a0509:/home/youngjin/ros2_ws/install/dsr_hardware2:/home/youngjin/ros2_ws/install/dsr_gazebo2:/home/youngjin/ros2_ws/install/dsr_description2:/home/youngjin/ros2_ws/install/dsr_common2:/home/youngjin/ros2_ws/install/assembly_interfaces /usr/bin/cmake --build /home/youngjin/rokey_proj_01/build/cobot1_interfaces -- -j16 -l16
[7.305s] DEBUG:colcon.colcon_core.event_handler.log_command:Invoked command in '/home/youngjin/rokey_proj_01/build/cobot1_interfaces' returned '0': CMAKE_PREFIX_PATH=/home/youngjin/ros2_ws/ws_cobot_pjt/ws_edu/install/m0609_rg2_moveit:/home/youngjin/ros2_ws/ws_cobot_pjt/ws_edu/install/m0609_rg2_bringup:/home/youngjin/ros2_ws/ws_cobot_pjt/ws_edu/install/onrobot_rg_msgs:/home/youngjin/ros2_ws/ws_cobot_pjt/ws_edu/install/onrobot_rg_description:/home/youngjin/ros2_ws/ws_cobot_pjt/ws_edu/install/dsr_realtime_control:/home/youngjin/ros2_ws/ws_cobot_pjt/ws_edu/install/dsr_mujoco:/home/youngjin/ros2_ws/ws_cobot_pjt/ws_edu/install/dsr_controller2:/home/youngjin/ros2_ws/ws_cobot_pjt/ws_edu/install/dsr_msgs2:/home/youngjin/ros2_ws/ws_cobot_pjt/ws_edu/install/dsr_moveit_config_p3020:/home/youngjin/ros2_ws/ws_cobot_pjt/ws_edu/install/dsr_moveit_config_m1509:/home/youngjin/ros2_ws/ws_cobot_pjt/ws_edu/install/dsr_moveit_config_m1013:/home/youngjin/ros2_ws/ws_cobot_pjt/ws_edu/install/dsr_moveit_config_m0617:/home/youngjin/ros2_ws/ws_cobot_pjt/ws_edu/install/dsr_moveit_config_m0609:/home/youngjin/ros2_ws/ws_cobot_pjt/ws_edu/install/dsr_moveit_config_h2515:/home/youngjin/ros2_ws/ws_cobot_pjt/ws_edu/install/dsr_moveit_config_h2017:/home/youngjin/ros2_ws/ws_cobot_pjt/ws_edu/install/dsr_moveit_config_e0509:/home/youngjin/ros2_ws/ws_cobot_pjt/ws_edu/install/dsr_moveit_config_a0912:/home/youngjin/ros2_ws/ws_cobot_pjt/ws_edu/install/dsr_moveit_config_a0509:/home/youngjin/ros2_ws/ws_cobot_pjt/ws_edu/install/dsr_hardware2:/home/youngjin/ros2_ws/ws_cobot_pjt/ws_edu/install/dsr_gazebo2:/home/youngjin/ros2_ws/ws_cobot_pjt/ws_edu/install/dsr_description2:/home/youngjin/ros2_ws/ws_cobot_pjt/ws_edu/install/dsr_common2:/home/youngjin/ros2_ws/ws_cobot_pjt/ws_edu/install/cobot1_interfaces:/home/youngjin/ros2_ws/install/robot_manager:/home/youngjin/ros2_ws/ws_cobot_pjt/ws_edu/install/onrobot_rg_modbus_tcp:/home/youngjin/ros2_ws/ws_cobot_pjt/ws_edu/install/onrobot_rg_control:/home/youngjin/ros2_ws/ws_cobot_pjt/ws_edu/install/dsr_visualservoing:/home/youngjin/ros2_ws/ws_cobot_pjt/ws_edu/install/dsr_tests:/home/youngjin/ros2_ws/ws_cobot_pjt/ws_edu/install/dsr_bringup2:/home/youngjin/ros2_ws/ws_cobot_pjt/ws_edu/install/cobot1:/home/youngjin/ros2_ws/ws_cobot_pjt/ws_edu/install/dsr_example:/home/youngjin/study_ws/install/day06_pkg:/home/youngjin/study_ws/install/day05_pkg:/home/youngjin/study_ws/install/day03_pkg:/home/youngjin/study_ws/install/day02_pkg:/home/youngjin/study_ws/install/day01_pkg:/home/youngjin/ros2_ws/install/rokey:/home/youngjin/ros2_ws/install/robot_controller:/home/youngjin/ros2_ws/install/pick_and_place_voice:/home/youngjin/ros2_ws/install/pick_and_place_text:/home/youngjin/ros2_ws/install/dsr_visualservoing:/home/youngjin/ros2_ws/install/dsr_tests:/home/youngjin/ros2_ws/install/dsr_bringup2:/home/youngjin/ros2_ws/install/dsr_example:/home/youngjin/turtlebot3_ws/install/rokey_work_pack:/opt/ros/humble:/home/youngjin/ros2_ws/install/od_msg:/home/youngjin/ros2_ws/install/ign_ros2_control_demos:/home/youngjin/ros2_ws/install/ign_ros2_control:/home/youngjin/ros2_ws/install/gz_ros2_control_tests:/home/youngjin/ros2_ws/install/gz_ros2_control_demos:/home/youngjin/ros2_ws/install/gz_ros2_control:/home/youngjin/ros2_ws/install/dsr_realtime_control:/home/youngjin/ros2_ws/install/dsr_controller2:/home/youngjin/ros2_ws/install/dsr_msgs2:/home/youngjin/ros2_ws/install/dsr_moveit_config_p3020:/home/youngjin/ros2_ws/install/dsr_moveit_config_m1509:/home/youngjin/ros2_ws/install/dsr_moveit_config_m1013:/home/youngjin/ros2_ws/install/dsr_moveit_config_m0617:/home/youngjin/ros2_ws/install/dsr_moveit_config_m0609:/home/youngjin/ros2_ws/install/dsr_moveit_config_h2515:/home/youngjin/ros2_ws/install/dsr_moveit_config_h2017:/home/youngjin/ros2_ws/install/dsr_moveit_config_e0509:/home/youngjin/ros2_ws/install/dsr_moveit_config_a0912:/home/youngjin/ros2_ws/install/dsr_moveit_config_a0509:/home/youngjin/ros2_ws/install/dsr_hardware2:/home/youngjin/ros2_ws/install/dsr_gazebo2:/home/youngjin/ros2_ws/install/dsr_description2:/home/youngjin/ros2_ws/install/dsr_common2:/home/youngjin/ros2_ws/install/assembly_interfaces /usr/bin/cmake --build /home/youngjin/rokey_proj_01/build/cobot1_interfaces -- -j16 -l16
[7.317s] DEBUG:colcon.colcon_core.event_handler.log_command:Invoking command in '/home/youngjin/rokey_proj_01/build/cobot1_interfaces': CMAKE_PREFIX_PATH=/home/youngjin/ros2_ws/ws_cobot_pjt/ws_edu/install/m0609_rg2_moveit:/home/youngjin/ros2_ws/ws_cobot_pjt/ws_edu/install/m0609_rg2_bringup:/home/youngjin/ros2_ws/ws_cobot_pjt/ws_edu/install/onrobot_rg_msgs:/home/youngjin/ros2_ws/ws_cobot_pjt/ws_edu/install/onrobot_rg_description:/home/youngjin/ros2_ws/ws_cobot_pjt/ws_edu/install/dsr_realtime_control:/home/youngjin/ros2_ws/ws_cobot_pjt/ws_edu/install/dsr_mujoco:/home/youngjin/ros2_ws/ws_cobot_pjt/ws_edu/install/dsr_controller2:/home/youngjin/ros2_ws/ws_cobot_pjt/ws_edu/install/dsr_msgs2:/home/youngjin/ros2_ws/ws_cobot_pjt/ws_edu/install/dsr_moveit_config_p3020:/home/youngjin/ros2_ws/ws_cobot_pjt/ws_edu/install/dsr_moveit_config_m1509:/home/youngjin/ros2_ws/ws_cobot_pjt/ws_edu/install/dsr_moveit_config_m1013:/home/youngjin/ros2_ws/ws_cobot_pjt/ws_edu/install/dsr_moveit_config_m0617:/home/youngjin/ros2_ws/ws_cobot_pjt/ws_edu/install/dsr_moveit_config_m0609:/home/youngjin/ros2_ws/ws_cobot_pjt/ws_edu/install/dsr_moveit_config_h2515:/home/youngjin/ros2_ws/ws_cobot_pjt/ws_edu/install/dsr_moveit_config_h2017:/home/youngjin/ros2_ws/ws_cobot_pjt/ws_edu/install/dsr_moveit_config_e0509:/home/youngjin/ros2_ws/ws_cobot_pjt/ws_edu/install/dsr_moveit_config_a0912:/home/youngjin/ros2_ws/ws_cobot_pjt/ws_edu/install/dsr_moveit_config_a0509:/home/youngjin/ros2_ws/ws_cobot_pjt/ws_edu/install/dsr_hardware2:/home/youngjin/ros2_ws/ws_cobot_pjt/ws_edu/install/dsr_gazebo2:/home/youngjin/ros2_ws/ws_cobot_pjt/ws_edu/install/dsr_description2:/home/youngjin/ros2_ws/ws_cobot_pjt/ws_edu/install/dsr_common2:/home/youngjin/ros2_ws/ws_cobot_pjt/ws_edu/install/cobot1_interfaces:/home/youngjin/ros2_ws/install/robot_manager:/home/youngjin/ros2_ws/ws_cobot_pjt/ws_edu/install/onrobot_rg_modbus_tcp:/home/youngjin/ros2_ws/ws_cobot_pjt/ws_edu/install/onrobot_rg_control:/home/youngjin/ros2_ws/ws_cobot_pjt/ws_edu/install/dsr_visualservoing:/home/youngjin/ros2_ws/ws_cobot_pjt/ws_edu/install/dsr_tests:/home/youngjin/ros2_ws/ws_cobot_pjt/ws_edu/install/dsr_bringup2:/home/youngjin/ros2_ws/ws_cobot_pjt/ws_edu/install/cobot1:/home/youngjin/ros2_ws/ws_cobot_pjt/ws_edu/install/dsr_example:/home/youngjin/study_ws/install/day06_pkg:/home/youngjin/study_ws/install/day05_pkg:/home/youngjin/study_ws/install/day03_pkg:/home/youngjin/study_ws/install/day02_pkg:/home/youngjin/study_ws/install/day01_pkg:/home/youngjin/ros2_ws/install/rokey:/home/youngjin/ros2_ws/install/robot_controller:/home/youngjin/ros2_ws/install/pick_and_place_voice:/home/youngjin/ros2_ws/install/pick_and_place_text:/home/youngjin/ros2_ws/install/dsr_visualservoing:/home/youngjin/ros2_ws/install/dsr_tests:/home/youngjin/ros2_ws/install/dsr_bringup2:/home/youngjin/ros2_ws/install/dsr_example:/home/youngjin/turtlebot3_ws/install/rokey_work_pack:/opt/ros/humble:/home/youngjin/ros2_ws/install/od_msg:/home/youngjin/ros2_ws/install/ign_ros2_control_demos:/home/youngjin/ros2_ws/install/ign_ros2_control:/home/youngjin/ros2_ws/install/gz_ros2_control_tests:/home/youngjin/ros2_ws/install/gz_ros2_control_demos:/home/youngjin/ros2_ws/install/gz_ros2_control:/home/youngjin/ros2_ws/install/dsr_realtime_control:/home/youngjin/ros2_ws/install/dsr_controller2:/home/youngjin/ros2_ws/install/dsr_msgs2:/home/youngjin/ros2_ws/install/dsr_moveit_config_p3020:/home/youngjin/ros2_ws/install/dsr_moveit_config_m1509:/home/youngjin/ros2_ws/install/dsr_moveit_config_m1013:/home/youngjin/ros2_ws/install/dsr_moveit_config_m0617:/home/youngjin/ros2_ws/install/dsr_moveit_config_m0609:/home/youngjin/ros2_ws/install/dsr_moveit_config_h2515:/home/youngjin/ros2_ws/install/dsr_moveit_config_h2017:/home/youngjin/ros2_ws/install/dsr_moveit_config_e0509:/home/youngjin/ros2_ws/install/dsr_moveit_config_a0912:/home/youngjin/ros2_ws/install/dsr_moveit_config_a0509:/home/youngjin/ros2_ws/install/dsr_hardware2:/home/youngjin/ros2_ws/install/dsr_gazebo2:/home/youngjin/ros2_ws/install/dsr_description2:/home/youngjin/ros2_ws/install/dsr_common2:/home/youngjin/ros2_ws/install/assembly_interfaces /usr/bin/cmake --install /home/youngjin/rokey_proj_01/build/cobot1_interfaces
[8.973s] Level 1:colcon.colcon_core.environment:create_environment_scripts_only(cobot1_interfaces)
[8.974s] DEBUG:colcon.colcon_core.event_handler.log_command:Invoked command in '/home/youngjin/rokey_proj_01/build/cobot1_interfaces' returned '0': CMAKE_PREFIX_PATH=/home/youngjin/ros2_ws/ws_cobot_pjt/ws_edu/install/m0609_rg2_moveit:/home/youngjin/ros2_ws/ws_cobot_pjt/ws_edu/install/m0609_rg2_bringup:/home/youngjin/ros2_ws/ws_cobot_pjt/ws_edu/install/onrobot_rg_msgs:/home/youngjin/ros2_ws/ws_cobot_pjt/ws_edu/install/onrobot_rg_description:/home/youngjin/ros2_ws/ws_cobot_pjt/ws_edu/install/dsr_realtime_control:/home/youngjin/ros2_ws/ws_cobot_pjt/ws_edu/install/dsr_mujoco:/home/youngjin/ros2_ws/ws_cobot_pjt/ws_edu/install/dsr_controller2:/home/youngjin/ros2_ws/ws_cobot_pjt/ws_edu/install/dsr_msgs2:/home/youngjin/ros2_ws/ws_cobot_pjt/ws_edu/install/dsr_moveit_config_p3020:/home/youngjin/ros2_ws/ws_cobot_pjt/ws_edu/install/dsr_moveit_config_m1509:/home/youngjin/ros2_ws/ws_cobot_pjt/ws_edu/install/dsr_moveit_config_m1013:/home/youngjin/ros2_ws/ws_cobot_pjt/ws_edu/install/dsr_moveit_config_m0617:/home/youngjin/ros2_ws/ws_cobot_pjt/ws_edu/install/dsr_moveit_config_m0609:/home/youngjin/ros2_ws/ws_cobot_pjt/ws_edu/install/dsr_moveit_config_h2515:/home/youngjin/ros2_ws/ws_cobot_pjt/ws_edu/install/dsr_moveit_config_h2017:/home/youngjin/ros2_ws/ws_cobot_pjt/ws_edu/install/dsr_moveit_config_e0509:/home/youngjin/ros2_ws/ws_cobot_pjt/ws_edu/install/dsr_moveit_config_a0912:/home/youngjin/ros2_ws/ws_cobot_pjt/ws_edu/install/dsr_moveit_config_a0509:/home/youngjin/ros2_ws/ws_cobot_pjt/ws_edu/install/dsr_hardware2:/home/youngjin/ros2_ws/ws_cobot_pjt/ws_edu/install/dsr_gazebo2:/home/youngjin/ros2_ws/ws_cobot_pjt/ws_edu/install/dsr_description2:/home/youngjin/ros2_ws/ws_cobot_pjt/ws_edu/install/dsr_common2:/home/youngjin/ros2_ws/ws_cobot_pjt/ws_edu/install/cobot1_interfaces:/home/youngjin/ros2_ws/install/robot_manager:/home/youngjin/ros2_ws/ws_cobot_pjt/ws_edu/install/onrobot_rg_modbus_tcp:/home/youngjin/ros2_ws/ws_cobot_pjt/ws_edu/install/onrobot_rg_control:/home/youngjin/ros2_ws/ws_cobot_pjt/ws_edu/install/dsr_visualservoing:/home/youngjin/ros2_ws/ws_cobot_pjt/ws_edu/install/dsr_tests:/home/youngjin/ros2_ws/ws_cobot_pjt/ws_edu/install/dsr_bringup2:/home/youngjin/ros2_ws/ws_cobot_pjt/ws_edu/install/cobot1:/home/youngjin/ros2_ws/ws_cobot_pjt/ws_edu/install/dsr_example:/home/youngjin/study_ws/install/day06_pkg:/home/youngjin/study_ws/install/day05_pkg:/home/youngjin/study_ws/install/day03_pkg:/home/youngjin/study_ws/install/day02_pkg:/home/youngjin/study_ws/install/day01_pkg:/home/youngjin/ros2_ws/install/rokey:/home/youngjin/ros2_ws/install/robot_controller:/home/youngjin/ros2_ws/install/pick_and_place_voice:/home/youngjin/ros2_ws/install/pick_and_place_text:/home/youngjin/ros2_ws/install/dsr_visualservoing:/home/youngjin/ros2_ws/install/dsr_tests:/home/youngjin/ros2_ws/install/dsr_bringup2:/home/youngjin/ros2_ws/install/dsr_example:/home/youngjin/turtlebot3_ws/install/rokey_work_pack:/opt/ros/humble:/home/youngjin/ros2_ws/install/od_msg:/home/youngjin/ros2_ws/install/ign_ros2_control_demos:/home/youngjin/ros2_ws/install/ign_ros2_control:/home/youngjin/ros2_ws/install/gz_ros2_control_tests:/home/youngjin/ros2_ws/install/gz_ros2_control_demos:/home/youngjin/ros2_ws/install/gz_ros2_control:/home/youngjin/ros2_ws/install/dsr_realtime_control:/home/youngjin/ros2_ws/install/dsr_controller2:/home/youngjin/ros2_ws/install/dsr_msgs2:/home/youngjin/ros2_ws/install/dsr_moveit_config_p3020:/home/youngjin/ros2_ws/install/dsr_moveit_config_m1509:/home/youngjin/ros2_ws/install/dsr_moveit_config_m1013:/home/youngjin/ros2_ws/install/dsr_moveit_config_m0617:/home/youngjin/ros2_ws/install/dsr_moveit_config_m0609:/home/youngjin/ros2_ws/install/dsr_moveit_config_h2515:/home/youngjin/ros2_ws/install/dsr_moveit_config_h2017:/home/youngjin/ros2_ws/install/dsr_moveit_config_e0509:/home/youngjin/ros2_ws/install/dsr_moveit_config_a0912:/home/youngjin/ros2_ws/install/dsr_moveit_config_a0509:/home/youngjin/ros2_ws/install/dsr_hardware2:/home/youngjin/ros2_ws/install/dsr_gazebo2:/home/youngjin/ros2_ws/install/dsr_description2:/home/youngjin/ros2_ws/install/dsr_common2:/home/youngjin/ros2_ws/install/assembly_interfaces /usr/bin/cmake --install /home/youngjin/rokey_proj_01/build/cobot1_interfaces
[8.981s] Level 1:colcon.colcon_core.environment:checking '/home/youngjin/rokey_proj_01/install/cobot1_interfaces' for CMake module files
[8.982s] Level 1:colcon.colcon_core.environment:checking '/home/youngjin/rokey_proj_01/install/cobot1_interfaces' for CMake config files
[8.982s] Level 1:colcon.colcon_core.shell:create_environment_hook('cobot1_interfaces', 'cmake_prefix_path')
[8.983s] INFO:colcon.colcon_core.shell:Creating environment hook '/home/youngjin/rokey_proj_01/install/cobot1_interfaces/share/cobot1_interfaces/hook/cmake_prefix_path.ps1'
[8.983s] INFO:colcon.colcon_core.shell:Creating environment descriptor '/home/youngjin/rokey_proj_01/install/cobot1_interfaces/share/cobot1_interfaces/hook/cmake_prefix_path.dsv'
[8.984s] INFO:colcon.colcon_core.shell:Creating environment hook '/home/youngjin/rokey_proj_01/install/cobot1_interfaces/share/cobot1_interfaces/hook/cmake_prefix_path.sh'
[8.984s] Level 1:colcon.colcon_core.environment:checking '/home/youngjin/rokey_proj_01/install/cobot1_interfaces/lib'
[8.984s] Level 1:colcon.colcon_core.shell:create_environment_hook('cobot1_interfaces', 'ld_library_path_lib')
[8.985s] INFO:colcon.colcon_core.shell:Creating environment hook '/home/youngjin/rokey_proj_01/install/cobot1_interfaces/share/cobot1_interfaces/hook/ld_library_path_lib.ps1'
[8.985s] INFO:colcon.colcon_core.shell:Creating environment descriptor '/home/youngjin/rokey_proj_01/install/cobot1_interfaces/share/cobot1_interfaces/hook/ld_library_path_lib.dsv'
[8.985s] INFO:colcon.colcon_core.shell:Creating environment hook '/home/youngjin/rokey_proj_01/install/cobot1_interfaces/share/cobot1_interfaces/hook/ld_library_path_lib.sh'
[8.985s] Level 1:colcon.colcon_core.environment:checking '/home/youngjin/rokey_proj_01/install/cobot1_interfaces/bin'
[8.985s] Level 1:colcon.colcon_core.environment:checking '/home/youngjin/rokey_proj_01/install/cobot1_interfaces/lib/pkgconfig/cobot1_interfaces.pc'
[8.985s] Level 1:colcon.colcon_core.environment:checking '/home/youngjin/rokey_proj_01/install/cobot1_interfaces/lib/python3.10/site-packages'
[8.986s] Level 1:colcon.colcon_core.environment:checking '/home/youngjin/rokey_proj_01/install/cobot1_interfaces/bin'
[8.986s] INFO:colcon.colcon_core.shell:Creating package script '/home/youngjin/rokey_proj_01/install/cobot1_interfaces/share/cobot1_interfaces/package.ps1'
[8.987s] INFO:colcon.colcon_core.shell:Creating package descriptor '/home/youngjin/rokey_proj_01/install/cobot1_interfaces/share/cobot1_interfaces/package.dsv'
[8.987s] INFO:colcon.colcon_core.shell:Creating package script '/home/youngjin/rokey_proj_01/install/cobot1_interfaces/share/cobot1_interfaces/package.sh'
[8.988s] INFO:colcon.colcon_core.shell:Creating package script '/home/youngjin/rokey_proj_01/install/cobot1_interfaces/share/cobot1_interfaces/package.bash'
[8.988s] INFO:colcon.colcon_core.shell:Creating package script '/home/youngjin/rokey_proj_01/install/cobot1_interfaces/share/cobot1_interfaces/package.zsh'
[8.989s] Level 1:colcon.colcon_core.environment:create_file_with_runtime_dependencies(/home/youngjin/rokey_proj_01/install/cobot1_interfaces/share/colcon-core/packages/cobot1_interfaces)
[8.989s] Level 1:colcon.colcon_core.environment:create_environment_scripts_only(cobot1_interfaces)
[8.989s] Level 1:colcon.colcon_core.environment:checking '/home/youngjin/rokey_proj_01/install/cobot1_interfaces' for CMake module files
[8.990s] Level 1:colcon.colcon_core.environment:checking '/home/youngjin/rokey_proj_01/install/cobot1_interfaces' for CMake config files
[8.990s] Level 1:colcon.colcon_core.shell:create_environment_hook('cobot1_interfaces', 'cmake_prefix_path')
[8.991s] INFO:colcon.colcon_core.shell:Creating environment hook '/home/youngjin/rokey_proj_01/install/cobot1_interfaces/share/cobot1_interfaces/hook/cmake_prefix_path.ps1'
[8.991s] INFO:colcon.colcon_core.shell:Creating environment descriptor '/home/youngjin/rokey_proj_01/install/cobot1_interfaces/share/cobot1_interfaces/hook/cmake_prefix_path.dsv'
[8.991s] INFO:colcon.colcon_core.shell:Creating environment hook '/home/youngjin/rokey_proj_01/install/cobot1_interfaces/share/cobot1_interfaces/hook/cmake_prefix_path.sh'
[8.991s] Level 1:colcon.colcon_core.environment:checking '/home/youngjin/rokey_proj_01/install/cobot1_interfaces/lib'
[8.992s] Level 1:colcon.colcon_core.shell:create_environment_hook('cobot1_interfaces', 'ld_library_path_lib')
[8.992s] INFO:colcon.colcon_core.shell:Creating environment hook '/home/youngjin/rokey_proj_01/install/cobot1_interfaces/share/cobot1_interfaces/hook/ld_library_path_lib.ps1'
[8.992s] INFO:colcon.colcon_core.shell:Creating environment descriptor '/home/youngjin/rokey_proj_01/install/cobot1_interfaces/share/cobot1_interfaces/hook/ld_library_path_lib.dsv'
[8.992s] INFO:colcon.colcon_core.shell:Creating environment hook '/home/youngjin/rokey_proj_01/install/cobot1_interfaces/share/cobot1_interfaces/hook/ld_library_path_lib.sh'
[8.992s] Level 1:colcon.colcon_core.environment:checking '/home/youngjin/rokey_proj_01/install/cobot1_interfaces/bin'
[8.993s] Level 1:colcon.colcon_core.environment:checking '/home/youngjin/rokey_proj_01/install/cobot1_interfaces/lib/pkgconfig/cobot1_interfaces.pc'
[8.993s] Level 1:colcon.colcon_core.environment:checking '/home/youngjin/rokey_proj_01/install/cobot1_interfaces/lib/python3.10/site-packages'
[8.993s] Level 1:colcon.colcon_core.environment:checking '/home/youngjin/rokey_proj_01/install/cobot1_interfaces/bin'
[8.993s] INFO:colcon.colcon_core.shell:Creating package script '/home/youngjin/rokey_proj_01/install/cobot1_interfaces/share/cobot1_interfaces/package.ps1'
[8.994s] INFO:colcon.colcon_core.shell:Creating package descriptor '/home/youngjin/rokey_proj_01/install/cobot1_interfaces/share/cobot1_interfaces/package.dsv'
[8.994s] INFO:colcon.colcon_core.shell:Creating package script '/home/youngjin/rokey_proj_01/install/cobot1_interfaces/share/cobot1_interfaces/package.sh'
[8.995s] INFO:colcon.colcon_core.shell:Creating package script '/home/youngjin/rokey_proj_01/install/cobot1_interfaces/share/cobot1_interfaces/package.bash'
[8.995s] INFO:colcon.colcon_core.shell:Creating package script '/home/youngjin/rokey_proj_01/install/cobot1_interfaces/share/cobot1_interfaces/package.zsh'
[8.995s] Level 1:colcon.colcon_core.environment:create_file_with_runtime_dependencies(/home/youngjin/rokey_proj_01/install/cobot1_interfaces/share/colcon-core/packages/cobot1_interfaces)
[8.995s] INFO:colcon.colcon_ros.task.ament_python.build:Building ROS package in '/home/youngjin/rokey_proj_01/src/cobot1' with build type 'ament_python'
[8.995s] Level 1:colcon.colcon_core.shell:create_environment_hook('cobot1', 'ament_prefix_path')
[8.996s] INFO:colcon.colcon_core.shell:Creating environment hook '/home/youngjin/rokey_proj_01/install/cobot1/share/cobot1/hook/ament_prefix_path.ps1'
[8.996s] INFO:colcon.colcon_core.shell:Creating environment descriptor '/home/youngjin/rokey_proj_01/install/cobot1/share/cobot1/hook/ament_prefix_path.dsv'
[8.997s] INFO:colcon.colcon_core.shell:Creating environment hook '/home/youngjin/rokey_proj_01/install/cobot1/share/cobot1/hook/ament_prefix_path.sh'
[8.997s] INFO:colcon.colcon_core.shell:Skip shell extension 'powershell' for command environment: Not usable outside of PowerShell
[8.997s] DEBUG:colcon.colcon_core.shell:Skip shell extension 'dsv' for command environment
[9.279s] INFO:colcon.colcon_core.task.python.build:Building Python package in '/home/youngjin/rokey_proj_01/src/cobot1'
[9.279s] INFO:colcon.colcon_core.shell:Skip shell extension 'powershell' for command environment: Not usable outside of PowerShell
[9.279s] DEBUG:colcon.colcon_core.shell:Skip shell extension 'dsv' for command environment
[9.694s] DEBUG:colcon.colcon_core.event_handler.log_command:Invoking command in '/home/youngjin/rokey_proj_01/build/cobot1': AMENT_PREFIX_PATH=/home/youngjin/rokey_proj_01/install/cobot1_interfaces:${AMENT_PREFIX_PATH} CMAKE_PREFIX_PATH=/home/youngjin/rokey_proj_01/install/cobot1_interfaces:${CMAKE_PREFIX_PATH} LD_LIBRARY_PATH=/home/youngjin/rokey_proj_01/install/cobot1_interfaces/lib:${LD_LIBRARY_PATH} PYTHONPATH=/home/youngjin/rokey_proj_01/build/cobot1/prefix_override:/usr/lib/python3/dist-packages/colcon_core/task/python/colcon_distutils_commands:/home/youngjin/rokey_proj_01/install/cobot1/lib/python3.10/site-packages:/home/youngjin/rokey_proj_01/install/cobot1_interfaces/local/lib/python3.10/dist-packages:${PYTHONPATH} /usr/bin/python3 -W ignore:setup.py install is deprecated -W ignore:easy_install command is deprecated setup.py develop --editable --build-directory /home/youngjin/rokey_proj_01/build/cobot1/build --no-deps symlink_data
[10.192s] Level 1:colcon.colcon_core.shell:create_environment_hook('cobot1', 'pythonpath_develop')
[10.192s] INFO:colcon.colcon_core.shell:Creating environment hook '/home/youngjin/rokey_proj_01/build/cobot1/share/cobot1/hook/pythonpath_develop.ps1'
[10.192s] DEBUG:colcon.colcon_core.event_handler.log_command:Invoked command in '/home/youngjin/rokey_proj_01/build/cobot1' returned '0': AMENT_PREFIX_PATH=/home/youngjin/rokey_proj_01/install/cobot1_interfaces:${AMENT_PREFIX_PATH} CMAKE_PREFIX_PATH=/home/youngjin/rokey_proj_01/install/cobot1_interfaces:${CMAKE_PREFIX_PATH} LD_LIBRARY_PATH=/home/youngjin/rokey_proj_01/install/cobot1_interfaces/lib:${LD_LIBRARY_PATH} PYTHONPATH=/home/youngjin/rokey_proj_01/build/cobot1/prefix_override:/usr/lib/python3/dist-packages/colcon_core/task/python/colcon_distutils_commands:/home/youngjin/rokey_proj_01/install/cobot1/lib/python3.10/site-packages:/home/youngjin/rokey_proj_01/install/cobot1_interfaces/local/lib/python3.10/dist-packages:${PYTHONPATH} /usr/bin/python3 -W ignore:setup.py install is deprecated -W ignore:easy_install command is deprecated setup.py develop --editable --build-directory /home/youngjin/rokey_proj_01/build/cobot1/build --no-deps symlink_data
[10.193s] INFO:colcon.colcon_core.shell:Creating environment descriptor '/home/youngjin/rokey_proj_01/build/cobot1/share/cobot1/hook/pythonpath_develop.dsv'
[10.193s] INFO:colcon.colcon_core.shell:Creating environment hook '/home/youngjin/rokey_proj_01/build/cobot1/share/cobot1/hook/pythonpath_develop.sh'
[10.194s] Level 1:colcon.colcon_core.environment:checking '/home/youngjin/rokey_proj_01/install/cobot1' for CMake module files
[10.194s] Level 1:colcon.colcon_core.environment:checking '/home/youngjin/rokey_proj_01/install/cobot1' for CMake config files
[10.194s] Level 1:colcon.colcon_core.environment:checking '/home/youngjin/rokey_proj_01/install/cobot1/lib'
[10.195s] Level 1:colcon.colcon_core.environment:checking '/home/youngjin/rokey_proj_01/install/cobot1/bin'
[10.195s] Level 1:colcon.colcon_core.environment:checking '/home/youngjin/rokey_proj_01/install/cobot1/lib/pkgconfig/cobot1.pc'
[10.195s] Level 1:colcon.colcon_core.environment:checking '/home/youngjin/rokey_proj_01/install/cobot1/lib/python3.10/site-packages'
[10.195s] Level 1:colcon.colcon_core.shell:create_environment_hook('cobot1', 'pythonpath')
[10.195s] INFO:colcon.colcon_core.shell:Creating environment hook '/home/youngjin/rokey_proj_01/install/cobot1/share/cobot1/hook/pythonpath.ps1'
[10.195s] INFO:colcon.colcon_core.shell:Creating environment descriptor '/home/youngjin/rokey_proj_01/install/cobot1/share/cobot1/hook/pythonpath.dsv'
[10.196s] INFO:colcon.colcon_core.shell:Creating environment hook '/home/youngjin/rokey_proj_01/install/cobot1/share/cobot1/hook/pythonpath.sh'
[10.196s] Level 1:colcon.colcon_core.environment:checking '/home/youngjin/rokey_proj_01/install/cobot1/bin'
[10.196s] Level 1:colcon.colcon_core.environment:create_environment_scripts_only(cobot1)
[10.196s] INFO:colcon.colcon_core.shell:Creating package script '/home/youngjin/rokey_proj_01/install/cobot1/share/cobot1/package.ps1'
[10.197s] INFO:colcon.colcon_core.shell:Creating package descriptor '/home/youngjin/rokey_proj_01/install/cobot1/share/cobot1/package.dsv'
[10.197s] INFO:colcon.colcon_core.shell:Creating package script '/home/youngjin/rokey_proj_01/install/cobot1/share/cobot1/package.sh'
[10.198s] INFO:colcon.colcon_core.shell:Creating package script '/home/youngjin/rokey_proj_01/install/cobot1/share/cobot1/package.bash'
[10.198s] INFO:colcon.colcon_core.shell:Creating package script '/home/youngjin/rokey_proj_01/install/cobot1/share/cobot1/package.zsh'
[10.198s] Level 1:colcon.colcon_core.environment:create_file_with_runtime_dependencies(/home/youngjin/rokey_proj_01/install/cobot1/share/colcon-core/packages/cobot1)
[10.198s] DEBUG:colcon.colcon_parallel_executor.executor.parallel:closing loop
[10.199s] DEBUG:colcon.colcon_parallel_executor.executor.parallel:loop closed
[10.199s] DEBUG:colcon.colcon_parallel_executor.executor.parallel:run_until_complete finished with '0'
[10.199s] DEBUG:colcon.colcon_core.event_reactor:joining thread
[10.206s] INFO:colcon.colcon_core.plugin_system:Skipping extension 'colcon_notification.desktop_notification.terminal_notifier': Not used on non-Darwin systems
[10.206s] INFO:colcon.colcon_core.plugin_system:Skipping extension 'colcon_notification.desktop_notification.win32': Not used on non-Windows systems
[10.206s] INFO:colcon.colcon_notification.desktop_notification:Sending desktop notification using 'notify2'
[10.218s] DEBUG:colcon.colcon_core.event_reactor:joined thread
[10.219s] INFO:colcon.colcon_core.shell:Creating prefix script '/home/youngjin/rokey_proj_01/install/local_setup.ps1'
[10.220s] INFO:colcon.colcon_core.shell:Creating prefix util module '/home/youngjin/rokey_proj_01/install/_local_setup_util_ps1.py'
[10.221s] INFO:colcon.colcon_core.shell:Creating prefix chain script '/home/youngjin/rokey_proj_01/install/setup.ps1'
[10.225s] INFO:colcon.colcon_core.shell:Creating prefix script '/home/youngjin/rokey_proj_01/install/local_setup.sh'
[10.225s] INFO:colcon.colcon_core.shell:Creating prefix util module '/home/youngjin/rokey_proj_01/install/_local_setup_util_sh.py'
[10.226s] INFO:colcon.colcon_core.shell:Creating prefix chain script '/home/youngjin/rokey_proj_01/install/setup.sh'
[10.230s] INFO:colcon.colcon_core.shell:Creating prefix script '/home/youngjin/rokey_proj_01/install/local_setup.bash'
[10.230s] INFO:colcon.colcon_core.shell:Creating prefix chain script '/home/youngjin/rokey_proj_01/install/setup.bash'
[10.233s] INFO:colcon.colcon_core.shell:Creating prefix script '/home/youngjin/rokey_proj_01/install/local_setup.zsh'
[10.234s] INFO:colcon.colcon_core.shell:Creating prefix chain script '/home/youngjin/rokey_proj_01/install/setup.zsh'
